2018-01-18 01:12:19,425 INFO Start
2018-01-18 01:12:33,620 DEBUG ['input_1', False]
2018-01-18 01:12:33,620 DEBUG ['block1_conv1', False]
2018-01-18 01:12:33,620 DEBUG ['block1_conv2', False]
2018-01-18 01:12:33,620 DEBUG ['block1_pool', False]
2018-01-18 01:12:33,620 DEBUG ['block2_conv1', False]
2018-01-18 01:12:33,621 DEBUG ['block2_conv2', False]
2018-01-18 01:12:33,621 DEBUG ['block2_pool', False]
2018-01-18 01:12:33,621 DEBUG ['block3_conv1', False]
2018-01-18 01:12:33,621 DEBUG ['block3_conv2', False]
2018-01-18 01:12:33,621 DEBUG ['block3_conv3', False]
2018-01-18 01:12:33,621 DEBUG ['block3_pool', False]
2018-01-18 01:12:33,621 DEBUG ['block4_conv1', False]
2018-01-18 01:12:33,621 DEBUG ['block4_conv2', False]
2018-01-18 01:12:33,621 DEBUG ['block4_conv3', False]
2018-01-18 01:12:33,621 DEBUG ['block4_pool', False]
2018-01-18 01:12:33,621 DEBUG ['block5_conv1', False]
2018-01-18 01:12:33,622 DEBUG ['block5_conv2', False]
2018-01-18 01:12:33,622 DEBUG ['block5_conv3', False]
2018-01-18 01:12:33,622 DEBUG ['block5_pool', False]
2018-01-18 01:12:33,622 DEBUG ['flatten', False]
2018-01-18 01:12:33,622 DEBUG ['fc1', False]
2018-01-18 01:12:33,622 DEBUG ['fc2', False]
2018-01-18 01:12:33,622 DEBUG ['predictions', True]
2018-01-18 01:12:50,566 INFO Start
2018-01-18 01:12:57,683 DEBUG ['input_1', False]
2018-01-18 01:12:57,683 DEBUG ['block1_conv1', False]
2018-01-18 01:12:57,683 DEBUG ['block1_conv2', False]
2018-01-18 01:12:57,683 DEBUG ['block1_pool', False]
2018-01-18 01:12:57,684 DEBUG ['block2_conv1', False]
2018-01-18 01:12:57,684 DEBUG ['block2_conv2', False]
2018-01-18 01:12:57,684 DEBUG ['block2_pool', False]
2018-01-18 01:12:57,684 DEBUG ['block3_conv1', False]
2018-01-18 01:12:57,684 DEBUG ['block3_conv2', False]
2018-01-18 01:12:57,684 DEBUG ['block3_conv3', False]
2018-01-18 01:12:57,684 DEBUG ['block3_pool', False]
2018-01-18 01:12:57,684 DEBUG ['block4_conv1', False]
2018-01-18 01:12:57,684 DEBUG ['block4_conv2', False]
2018-01-18 01:12:57,684 DEBUG ['block4_conv3', False]
2018-01-18 01:12:57,685 DEBUG ['block4_pool', False]
2018-01-18 01:12:57,685 DEBUG ['block5_conv1', False]
2018-01-18 01:12:57,685 DEBUG ['block5_conv2', False]
2018-01-18 01:12:57,685 DEBUG ['block5_conv3', False]
2018-01-18 01:12:57,685 DEBUG ['block5_pool', False]
2018-01-18 01:12:57,685 DEBUG ['flatten', False]
2018-01-18 01:12:57,685 DEBUG ['fc1', False]
2018-01-18 01:12:57,685 DEBUG ['fc2', False]
2018-01-18 01:12:57,685 DEBUG ['predictions', True]
2018-01-18 01:15:43,119 INFO Start
2018-01-18 01:15:58,125 DEBUG ['input_1', False]
2018-01-18 01:15:58,125 DEBUG ['block1_conv1', False]
2018-01-18 01:15:58,125 DEBUG ['block1_conv2', False]
2018-01-18 01:15:58,126 DEBUG ['block1_pool', False]
2018-01-18 01:15:58,126 DEBUG ['block2_conv1', False]
2018-01-18 01:15:58,126 DEBUG ['block2_conv2', False]
2018-01-18 01:15:58,126 DEBUG ['block2_pool', False]
2018-01-18 01:15:58,126 DEBUG ['block3_conv1', False]
2018-01-18 01:15:58,126 DEBUG ['block3_conv2', False]
2018-01-18 01:15:58,126 DEBUG ['block3_conv3', False]
2018-01-18 01:15:58,126 DEBUG ['block3_pool', False]
2018-01-18 01:15:58,126 DEBUG ['block4_conv1', False]
2018-01-18 01:15:58,126 DEBUG ['block4_conv2', False]
2018-01-18 01:15:58,127 DEBUG ['block4_conv3', False]
2018-01-18 01:15:58,127 DEBUG ['block4_pool', False]
2018-01-18 01:15:58,127 DEBUG ['block5_conv1', False]
2018-01-18 01:15:58,127 DEBUG ['block5_conv2', False]
2018-01-18 01:15:58,127 DEBUG ['block5_conv3', False]
2018-01-18 01:15:58,127 DEBUG ['block5_pool', False]
2018-01-18 01:15:58,127 DEBUG ['flatten', False]
2018-01-18 01:15:58,127 DEBUG ['fc1', False]
2018-01-18 01:15:58,127 DEBUG ['fc2', False]
2018-01-18 01:15:58,127 DEBUG ['predictions', True]
2018-01-18 07:35:10,170 INFO [Training] Done in 22751.5610709 secs.

2018-01-18 07:37:01,904 INFO [Evaluation] Done in 111.73274684 secs.

2018-01-18 07:37:01,904 DEBUG [0.27963074292585832, 0.93061599298039188]
2018-01-18 07:37:01,904 INFO End
2018-01-18 12:00:57,687 INFO Start
2018-01-18 12:01:12,292 DEBUG ['input_1', False]
2018-01-18 12:01:12,293 DEBUG ['block1_conv1', False]
2018-01-18 12:01:12,293 DEBUG ['block1_conv2', False]
2018-01-18 12:01:12,293 DEBUG ['block1_pool', False]
2018-01-18 12:01:12,293 DEBUG ['block2_conv1', False]
2018-01-18 12:01:12,293 DEBUG ['block2_conv2', False]
2018-01-18 12:01:12,293 DEBUG ['block2_pool', False]
2018-01-18 12:01:12,293 DEBUG ['block3_conv1', False]
2018-01-18 12:01:12,294 DEBUG ['block3_conv2', False]
2018-01-18 12:01:12,294 DEBUG ['block3_conv3', False]
2018-01-18 12:01:12,294 DEBUG ['block3_pool', False]
2018-01-18 12:01:12,294 DEBUG ['block4_conv1', False]
2018-01-18 12:01:12,294 DEBUG ['block4_conv2', False]
2018-01-18 12:01:12,294 DEBUG ['block4_conv3', False]
2018-01-18 12:01:12,294 DEBUG ['block4_pool', False]
2018-01-18 12:01:12,294 DEBUG ['block5_conv1', False]
2018-01-18 12:01:12,294 DEBUG ['block5_conv2', False]
2018-01-18 12:01:12,294 DEBUG ['block5_conv3', False]
2018-01-18 12:01:12,295 DEBUG ['block5_pool', False]
2018-01-18 12:01:12,295 DEBUG ['flatten', False]
2018-01-18 12:01:12,295 DEBUG ['fc1', False]
2018-01-18 12:01:12,295 DEBUG ['fc2', False]
2018-01-18 12:01:12,295 DEBUG ['predictions', True]
2018-01-18 12:02:04,093 INFO Start
2018-01-18 12:02:18,752 DEBUG ['input_1', False]
2018-01-18 12:02:18,753 DEBUG ['block1_conv1', False]
2018-01-18 12:02:18,753 DEBUG ['block1_conv2', False]
2018-01-18 12:02:18,753 DEBUG ['block1_pool', False]
2018-01-18 12:02:18,753 DEBUG ['block2_conv1', False]
2018-01-18 12:02:18,753 DEBUG ['block2_conv2', False]
2018-01-18 12:02:18,754 DEBUG ['block2_pool', False]
2018-01-18 12:02:18,754 DEBUG ['block3_conv1', False]
2018-01-18 12:02:18,754 DEBUG ['block3_conv2', False]
2018-01-18 12:02:18,754 DEBUG ['block3_conv3', False]
2018-01-18 12:02:18,754 DEBUG ['block3_pool', False]
2018-01-18 12:02:18,754 DEBUG ['block4_conv1', False]
2018-01-18 12:02:18,754 DEBUG ['block4_conv2', False]
2018-01-18 12:02:18,754 DEBUG ['block4_conv3', False]
2018-01-18 12:02:18,755 DEBUG ['block4_pool', False]
2018-01-18 12:02:18,755 DEBUG ['block5_conv1', False]
2018-01-18 12:02:18,755 DEBUG ['block5_conv2', False]
2018-01-18 12:02:18,755 DEBUG ['block5_conv3', False]
2018-01-18 12:02:18,755 DEBUG ['block5_pool', False]
2018-01-18 12:02:18,755 DEBUG ['flatten', False]
2018-01-18 12:02:18,755 DEBUG ['fc1', False]
2018-01-18 12:02:18,756 DEBUG ['fc2', False]
2018-01-18 12:02:18,756 DEBUG ['predictions', True]
2018-01-18 12:02:55,744 INFO Start
2018-01-18 12:03:10,392 DEBUG ['input_1', False]
2018-01-18 12:03:10,392 DEBUG ['block1_conv1', False]
2018-01-18 12:03:10,392 DEBUG ['block1_conv2', False]
2018-01-18 12:03:10,393 DEBUG ['block1_pool', False]
2018-01-18 12:03:10,393 DEBUG ['block2_conv1', False]
2018-01-18 12:03:10,393 DEBUG ['block2_conv2', False]
2018-01-18 12:03:10,393 DEBUG ['block2_pool', False]
2018-01-18 12:03:10,393 DEBUG ['block3_conv1', False]
2018-01-18 12:03:10,393 DEBUG ['block3_conv2', False]
2018-01-18 12:03:10,393 DEBUG ['block3_conv3', False]
2018-01-18 12:03:10,393 DEBUG ['block3_pool', False]
2018-01-18 12:03:10,393 DEBUG ['block4_conv1', False]
2018-01-18 12:03:10,394 DEBUG ['block4_conv2', False]
2018-01-18 12:03:10,394 DEBUG ['block4_conv3', False]
2018-01-18 12:03:10,394 DEBUG ['block4_pool', False]
2018-01-18 12:03:10,394 DEBUG ['block5_conv1', False]
2018-01-18 12:03:10,394 DEBUG ['block5_conv2', False]
2018-01-18 12:03:10,394 DEBUG ['block5_conv3', False]
2018-01-18 12:03:10,394 DEBUG ['block5_pool', False]
2018-01-18 12:03:10,394 DEBUG ['flatten', False]
2018-01-18 12:03:10,394 DEBUG ['fc1', False]
2018-01-18 12:03:10,394 DEBUG ['fc2', False]
2018-01-18 12:03:10,395 DEBUG ['predictions', True]
2018-01-18 12:03:26,977 INFO Start
2018-01-18 12:03:41,578 DEBUG ['input_1', False]
2018-01-18 12:03:41,578 DEBUG ['block1_conv1', False]
2018-01-18 12:03:41,578 DEBUG ['block1_conv2', False]
2018-01-18 12:03:41,578 DEBUG ['block1_pool', False]
2018-01-18 12:03:41,579 DEBUG ['block2_conv1', False]
2018-01-18 12:03:41,579 DEBUG ['block2_conv2', False]
2018-01-18 12:03:41,579 DEBUG ['block2_pool', False]
2018-01-18 12:03:41,579 DEBUG ['block3_conv1', False]
2018-01-18 12:03:41,579 DEBUG ['block3_conv2', False]
2018-01-18 12:03:41,579 DEBUG ['block3_conv3', False]
2018-01-18 12:03:41,579 DEBUG ['block3_pool', False]
2018-01-18 12:03:41,579 DEBUG ['block4_conv1', False]
2018-01-18 12:03:41,579 DEBUG ['block4_conv2', False]
2018-01-18 12:03:41,579 DEBUG ['block4_conv3', False]
2018-01-18 12:03:41,580 DEBUG ['block4_pool', False]
2018-01-18 12:03:41,580 DEBUG ['block5_conv1', False]
2018-01-18 12:03:41,580 DEBUG ['block5_conv2', False]
2018-01-18 12:03:41,580 DEBUG ['block5_conv3', False]
2018-01-18 12:03:41,580 DEBUG ['block5_pool', False]
2018-01-18 12:03:41,580 DEBUG ['flatten', False]
2018-01-18 12:03:41,580 DEBUG ['fc1', False]
2018-01-18 12:03:41,580 DEBUG ['fc2', False]
2018-01-18 12:03:41,580 DEBUG ['predictions', True]
2018-01-18 12:04:15,578 INFO Start
2018-01-18 12:04:30,274 DEBUG ['input_1', False]
2018-01-18 12:04:30,274 DEBUG ['block1_conv1', False]
2018-01-18 12:04:30,274 DEBUG ['block1_conv2', False]
2018-01-18 12:04:30,275 DEBUG ['block1_pool', False]
2018-01-18 12:04:30,275 DEBUG ['block2_conv1', False]
2018-01-18 12:04:30,275 DEBUG ['block2_conv2', False]
2018-01-18 12:04:30,275 DEBUG ['block2_pool', False]
2018-01-18 12:04:30,275 DEBUG ['block3_conv1', False]
2018-01-18 12:04:30,275 DEBUG ['block3_conv2', False]
2018-01-18 12:04:30,275 DEBUG ['block3_conv3', False]
2018-01-18 12:04:30,275 DEBUG ['block3_pool', False]
2018-01-18 12:04:30,275 DEBUG ['block4_conv1', False]
2018-01-18 12:04:30,276 DEBUG ['block4_conv2', False]
2018-01-18 12:04:30,276 DEBUG ['block4_conv3', False]
2018-01-18 12:04:30,276 DEBUG ['block4_pool', False]
2018-01-18 12:04:30,276 DEBUG ['block5_conv1', False]
2018-01-18 12:04:30,276 DEBUG ['block5_conv2', False]
2018-01-18 12:04:30,276 DEBUG ['block5_conv3', False]
2018-01-18 12:04:30,276 DEBUG ['block5_pool', False]
2018-01-18 12:04:30,276 DEBUG ['flatten', False]
2018-01-18 12:04:30,276 DEBUG ['fc1', False]
2018-01-18 12:04:30,277 DEBUG ['fc2', False]
2018-01-18 12:04:30,277 DEBUG ['predictions', True]
2018-01-18 12:04:51,783 INFO Start
2018-01-18 12:05:06,316 DEBUG ['input_1', False]
2018-01-18 12:05:06,317 DEBUG ['block1_conv1', False]
2018-01-18 12:05:06,317 DEBUG ['block1_conv2', False]
2018-01-18 12:05:06,317 DEBUG ['block1_pool', False]
2018-01-18 12:05:06,317 DEBUG ['block2_conv1', False]
2018-01-18 12:05:06,317 DEBUG ['block2_conv2', False]
2018-01-18 12:05:06,318 DEBUG ['block2_pool', False]
2018-01-18 12:05:06,318 DEBUG ['block3_conv1', False]
2018-01-18 12:05:06,318 DEBUG ['block3_conv2', False]
2018-01-18 12:05:06,318 DEBUG ['block3_conv3', False]
2018-01-18 12:05:06,318 DEBUG ['block3_pool', False]
2018-01-18 12:05:06,318 DEBUG ['block4_conv1', False]
2018-01-18 12:05:06,318 DEBUG ['block4_conv2', False]
2018-01-18 12:05:06,318 DEBUG ['block4_conv3', False]
2018-01-18 12:05:06,318 DEBUG ['block4_pool', False]
2018-01-18 12:05:06,318 DEBUG ['block5_conv1', False]
2018-01-18 12:05:06,319 DEBUG ['block5_conv2', False]
2018-01-18 12:05:06,319 DEBUG ['block5_conv3', False]
2018-01-18 12:05:06,319 DEBUG ['block5_pool', False]
2018-01-18 12:05:06,319 DEBUG ['flatten', False]
2018-01-18 12:05:06,319 DEBUG ['fc1', False]
2018-01-18 12:05:06,319 DEBUG ['fc2', False]
2018-01-18 12:05:06,319 DEBUG ['predictions', True]
2018-01-18 12:06:40,260 INFO Start
2018-01-18 12:06:54,471 DEBUG ['input_1', False]
2018-01-18 12:06:54,471 DEBUG ['block1_conv1', False]
2018-01-18 12:06:54,471 DEBUG ['block1_conv2', False]
2018-01-18 12:06:54,471 DEBUG ['block1_pool', False]
2018-01-18 12:06:54,471 DEBUG ['block2_conv1', False]
2018-01-18 12:06:54,472 DEBUG ['block2_conv2', False]
2018-01-18 12:06:54,472 DEBUG ['block2_pool', False]
2018-01-18 12:06:54,472 DEBUG ['block3_conv1', False]
2018-01-18 12:06:54,472 DEBUG ['block3_conv2', False]
2018-01-18 12:06:54,472 DEBUG ['block3_conv3', False]
2018-01-18 12:06:54,472 DEBUG ['block3_pool', False]
2018-01-18 12:06:54,472 DEBUG ['block4_conv1', False]
2018-01-18 12:06:54,472 DEBUG ['block4_conv2', False]
2018-01-18 12:06:54,472 DEBUG ['block4_conv3', False]
2018-01-18 12:06:54,472 DEBUG ['block4_pool', False]
2018-01-18 12:06:54,473 DEBUG ['block5_conv1', False]
2018-01-18 12:06:54,473 DEBUG ['block5_conv2', False]
2018-01-18 12:06:54,473 DEBUG ['block5_conv3', False]
2018-01-18 12:06:54,473 DEBUG ['block5_pool', False]
2018-01-18 12:06:54,473 DEBUG ['flatten', False]
2018-01-18 12:06:54,473 DEBUG ['fc1', False]
2018-01-18 12:06:54,473 DEBUG ['fc2', False]
2018-01-18 12:06:54,473 DEBUG ['predictions', True]
2018-01-18 13:49:19,203 INFO [Training] Done in 6133.45647907 secs.

2018-01-18 13:53:45,554 INFO [Evaluation] Done in 266.349760056 secs.

2018-01-18 13:53:45,555 DEBUG [0.34615023774820447, 0.87384725952630049]
2018-01-18 13:53:45,555 INFO End
2018-01-18 14:46:51,983 INFO Start
2018-01-18 14:46:57,678 DEBUG ['input_1', False]
2018-01-18 14:46:57,678 DEBUG ['block1_conv1', False]
2018-01-18 14:46:57,678 DEBUG ['block1_conv2', False]
2018-01-18 14:46:57,678 DEBUG ['block1_pool', False]
2018-01-18 14:46:57,679 DEBUG ['block2_conv1', False]
2018-01-18 14:46:57,679 DEBUG ['block2_conv2', False]
2018-01-18 14:46:57,679 DEBUG ['block2_pool', False]
2018-01-18 14:46:57,679 DEBUG ['block3_conv1', False]
2018-01-18 14:46:57,679 DEBUG ['block3_conv2', False]
2018-01-18 14:46:57,679 DEBUG ['block3_conv3', False]
2018-01-18 14:46:57,679 DEBUG ['block3_pool', False]
2018-01-18 14:46:57,679 DEBUG ['block4_conv1', False]
2018-01-18 14:46:57,680 DEBUG ['block4_conv2', False]
2018-01-18 14:46:57,680 DEBUG ['block4_conv3', False]
2018-01-18 14:46:57,680 DEBUG ['block4_pool', False]
2018-01-18 14:46:57,680 DEBUG ['block5_conv1', False]
2018-01-18 14:46:57,680 DEBUG ['block5_conv2', False]
2018-01-18 14:46:57,680 DEBUG ['block5_conv3', False]
2018-01-18 14:46:57,680 DEBUG ['block5_pool', False]
2018-01-18 14:46:57,680 DEBUG ['flatten', False]
2018-01-18 14:46:57,681 DEBUG ['fc1', False]
2018-01-18 14:46:57,681 DEBUG ['fc2', False]
2018-01-18 14:46:57,681 DEBUG ['predictions', True]
2018-01-18 21:02:55,716 INFO Start
2018-01-18 21:03:09,641 DEBUG ['input_1', False]
2018-01-18 21:03:09,641 DEBUG ['block1_conv1', False]
2018-01-18 21:03:09,641 DEBUG ['block1_conv2', False]
2018-01-18 21:03:09,641 DEBUG ['block1_pool', False]
2018-01-18 21:03:09,641 DEBUG ['block2_conv1', False]
2018-01-18 21:03:09,641 DEBUG ['block2_conv2', False]
2018-01-18 21:03:09,642 DEBUG ['block2_pool', False]
2018-01-18 21:03:09,642 DEBUG ['block3_conv1', False]
2018-01-18 21:03:09,642 DEBUG ['block3_conv2', False]
2018-01-18 21:03:09,642 DEBUG ['block3_conv3', False]
2018-01-18 21:03:09,642 DEBUG ['block3_pool', False]
2018-01-18 21:03:09,642 DEBUG ['flatten_1', True]
2018-01-18 21:03:09,642 DEBUG ['fc1', True]
2018-01-18 21:03:09,642 DEBUG ['fc2', True]
2018-01-18 21:03:09,642 DEBUG ['predictions', True]
2018-01-18 21:03:32,211 INFO Start
2018-01-18 21:30:04,280 INFO Start
2018-01-18 21:42:57,774 INFO Start
2018-01-18 21:49:29,831 INFO Start
2018-01-19 11:04:59,367 INFO Start
2018-01-19 11:05:04,843 DEBUG ['input_1', False]
2018-01-19 11:05:04,843 DEBUG ['block1_conv1', False]
2018-01-19 11:05:04,843 DEBUG ['block1_conv2', False]
2018-01-19 11:05:04,843 DEBUG ['block1_pool', False]
2018-01-19 11:05:04,843 DEBUG ['block2_conv1', False]
2018-01-19 11:05:04,843 DEBUG ['block2_conv2', False]
2018-01-19 11:05:04,844 DEBUG ['block2_pool', False]
2018-01-19 11:05:04,844 DEBUG ['block3_conv1', False]
2018-01-19 11:05:04,844 DEBUG ['block3_conv2', False]
2018-01-19 11:05:04,844 DEBUG ['block3_conv3', False]
2018-01-19 11:05:04,844 DEBUG ['block3_pool', False]
2018-01-19 11:05:04,844 DEBUG ['pool', True]
2018-01-19 11:05:04,844 DEBUG ['fc1', True]
2018-01-19 11:05:04,844 DEBUG ['fc2', True]
2018-01-19 11:05:04,844 DEBUG ['predictions', True]
2018-01-19 11:10:35,641 INFO Start
2018-01-19 11:10:41,466 DEBUG ['input_1', False]
2018-01-19 11:10:41,466 DEBUG ['block1_conv1', False]
2018-01-19 11:10:41,467 DEBUG ['block1_conv2', False]
2018-01-19 11:10:41,467 DEBUG ['block1_pool', False]
2018-01-19 11:10:41,467 DEBUG ['block2_conv1', False]
2018-01-19 11:10:41,467 DEBUG ['block2_conv2', False]
2018-01-19 11:10:41,467 DEBUG ['block2_pool', False]
2018-01-19 11:10:41,467 DEBUG ['block3_conv1', False]
2018-01-19 11:10:41,467 DEBUG ['block3_conv2', False]
2018-01-19 11:10:41,467 DEBUG ['block3_conv3', False]
2018-01-19 11:10:41,467 DEBUG ['block3_pool', False]
2018-01-19 11:10:41,467 DEBUG ['pool', True]
2018-01-19 11:10:41,468 DEBUG ['fc1', True]
2018-01-19 11:10:41,468 DEBUG ['fc2', True]
2018-01-19 11:10:41,468 DEBUG ['predictions', True]
2018-01-19 11:11:16,133 INFO Start
2018-01-19 11:11:21,586 DEBUG ['input_1', False]
2018-01-19 11:11:21,587 DEBUG ['block1_conv1', False]
2018-01-19 11:11:21,587 DEBUG ['block1_conv2', False]
2018-01-19 11:11:21,587 DEBUG ['block1_pool', False]
2018-01-19 11:11:21,587 DEBUG ['block2_conv1', False]
2018-01-19 11:11:21,587 DEBUG ['block2_conv2', False]
2018-01-19 11:11:21,587 DEBUG ['block2_pool', False]
2018-01-19 11:11:21,588 DEBUG ['block3_conv1', False]
2018-01-19 11:11:21,590 DEBUG ['block3_conv2', False]
2018-01-19 11:11:21,591 DEBUG ['block3_conv3', False]
2018-01-19 11:11:21,591 DEBUG ['block3_pool', False]
2018-01-19 11:11:21,591 DEBUG ['pool', True]
2018-01-19 11:11:21,591 DEBUG ['fc1', True]
2018-01-19 11:11:21,591 DEBUG ['fc2', True]
2018-01-19 11:11:21,591 DEBUG ['predictions', True]
2018-01-19 11:12:50,812 INFO Start
2018-01-19 11:12:56,319 DEBUG ['input_1', False]
2018-01-19 11:12:56,320 DEBUG ['block1_conv1', False]
2018-01-19 11:12:56,320 DEBUG ['block1_conv2', False]
2018-01-19 11:12:56,320 DEBUG ['block1_pool', False]
2018-01-19 11:12:56,320 DEBUG ['block2_conv1', False]
2018-01-19 11:12:56,320 DEBUG ['block2_conv2', False]
2018-01-19 11:12:56,320 DEBUG ['block2_pool', False]
2018-01-19 11:12:56,320 DEBUG ['block3_conv1', False]
2018-01-19 11:12:56,321 DEBUG ['block3_conv2', False]
2018-01-19 11:12:56,321 DEBUG ['block3_conv3', False]
2018-01-19 11:12:56,321 DEBUG ['block3_pool', False]
2018-01-19 11:12:56,321 DEBUG ['pool', True]
2018-01-19 11:12:56,321 DEBUG ['fc1', True]
2018-01-19 11:12:56,321 DEBUG ['fc2', True]
2018-01-19 11:12:56,321 DEBUG ['predictions', True]
2018-01-19 11:14:43,407 INFO Start
2018-01-19 11:14:56,964 DEBUG ['input_1', False]
2018-01-19 11:14:56,964 DEBUG ['block1_conv1', False]
2018-01-19 11:14:56,965 DEBUG ['block1_conv2', False]
2018-01-19 11:14:56,965 DEBUG ['block1_pool', False]
2018-01-19 11:14:56,965 DEBUG ['block2_conv1', False]
2018-01-19 11:14:56,965 DEBUG ['block2_conv2', False]
2018-01-19 11:14:56,965 DEBUG ['block2_pool', False]
2018-01-19 11:14:56,965 DEBUG ['block3_conv1', False]
2018-01-19 11:14:56,965 DEBUG ['block3_conv2', False]
2018-01-19 11:14:56,965 DEBUG ['block3_conv3', False]
2018-01-19 11:14:56,965 DEBUG ['block3_pool', False]
2018-01-19 11:14:56,965 DEBUG ['pool', True]
2018-01-19 11:14:56,966 DEBUG ['fc1', True]
2018-01-19 11:14:56,966 DEBUG ['fc2', True]
2018-01-19 11:14:56,966 DEBUG ['predictions', True]
2018-01-19 11:16:12,541 INFO Start
2018-01-19 11:16:25,848 DEBUG ['input_1', False]
2018-01-19 11:16:25,849 DEBUG ['block1_conv1', False]
2018-01-19 11:16:25,849 DEBUG ['block1_conv2', False]
2018-01-19 11:16:25,849 DEBUG ['block1_pool', False]
2018-01-19 11:16:25,849 DEBUG ['block2_conv1', False]
2018-01-19 11:16:25,849 DEBUG ['block2_conv2', False]
2018-01-19 11:16:25,849 DEBUG ['block2_pool', False]
2018-01-19 11:16:25,849 DEBUG ['block3_conv1', False]
2018-01-19 11:16:25,849 DEBUG ['block3_conv2', False]
2018-01-19 11:16:25,850 DEBUG ['block3_conv3', False]
2018-01-19 11:16:25,850 DEBUG ['block3_pool', False]
2018-01-19 11:16:25,850 DEBUG ['pool', True]
2018-01-19 11:16:25,850 DEBUG ['fc1', True]
2018-01-19 11:16:25,850 DEBUG ['fc2', True]
2018-01-19 11:16:25,850 DEBUG ['predictions', True]
2018-01-19 11:17:07,845 INFO Start
2018-01-19 11:17:21,317 DEBUG ['input_1', False]
2018-01-19 11:17:21,318 DEBUG ['block1_conv1', False]
2018-01-19 11:17:21,318 DEBUG ['block1_conv2', False]
2018-01-19 11:17:21,318 DEBUG ['block1_pool', False]
2018-01-19 11:17:21,318 DEBUG ['block2_conv1', False]
2018-01-19 11:17:21,318 DEBUG ['block2_conv2', False]
2018-01-19 11:17:21,318 DEBUG ['block2_pool', False]
2018-01-19 11:17:21,319 DEBUG ['block3_conv1', False]
2018-01-19 11:17:21,319 DEBUG ['block3_conv2', False]
2018-01-19 11:17:21,319 DEBUG ['block3_conv3', False]
2018-01-19 11:17:21,319 DEBUG ['block3_pool', False]
2018-01-19 11:17:21,319 DEBUG ['pool', True]
2018-01-19 11:17:21,319 DEBUG ['fc1', True]
2018-01-19 11:17:21,319 DEBUG ['fc2', True]
2018-01-19 11:17:21,319 DEBUG ['predictions', True]
2018-01-19 12:23:56,897 INFO Start
2018-01-19 12:24:02,058 DEBUG ['input_1', False]
2018-01-19 12:24:02,058 DEBUG ['block1_conv1', False]
2018-01-19 12:24:02,058 DEBUG ['block1_conv2', False]
2018-01-19 12:24:02,058 DEBUG ['block1_pool', False]
2018-01-19 12:24:02,058 DEBUG ['block2_conv1', False]
2018-01-19 12:24:02,058 DEBUG ['block2_conv2', False]
2018-01-19 12:24:02,058 DEBUG ['block2_pool', False]
2018-01-19 12:24:02,059 DEBUG ['block3_conv1', False]
2018-01-19 12:24:02,059 DEBUG ['block3_conv2', False]
2018-01-19 12:24:02,059 DEBUG ['block3_conv3', False]
2018-01-19 12:24:02,059 DEBUG ['block3_pool', False]
2018-01-19 12:24:02,059 DEBUG ['pool', True]
2018-01-19 12:24:02,059 DEBUG ['fc1', True]
2018-01-19 12:24:02,059 DEBUG ['fc2', True]
2018-01-19 12:24:02,059 DEBUG ['predictions', True]
2018-01-19 12:33:44,371 INFO Start
2018-01-19 12:33:49,504 DEBUG Trainability of the layers:
2018-01-19 12:33:49,505 DEBUG ['input_1', False]
2018-01-19 12:33:49,505 DEBUG ['block1_conv1', False]
2018-01-19 12:33:49,505 DEBUG ['block1_conv2', False]
2018-01-19 12:33:49,505 DEBUG ['block1_pool', False]
2018-01-19 12:33:49,505 DEBUG ['block2_conv1', False]
2018-01-19 12:33:49,505 DEBUG ['block2_conv2', False]
2018-01-19 12:33:49,505 DEBUG ['block2_pool', False]
2018-01-19 12:33:49,505 DEBUG ['block3_conv1', False]
2018-01-19 12:33:49,505 DEBUG ['block3_conv2', False]
2018-01-19 12:33:49,506 DEBUG ['block3_conv3', False]
2018-01-19 12:33:49,506 DEBUG ['block3_pool', False]
2018-01-19 12:33:49,506 DEBUG ['pool', True]
2018-01-19 12:33:49,506 DEBUG ['fc1', True]
2018-01-19 12:33:49,506 DEBUG ['fc2', True]
2018-01-19 12:33:49,506 DEBUG ['predictions', True]
2018-01-19 12:35:53,698 INFO Start
2018-01-19 12:35:59,397 DEBUG Trainability of the layers:
2018-01-19 12:35:59,398 DEBUG ['input_1', False]
2018-01-19 12:35:59,398 DEBUG ['block1_conv1', False]
2018-01-19 12:35:59,398 DEBUG ['block1_conv2', False]
2018-01-19 12:35:59,398 DEBUG ['block1_pool', False]
2018-01-19 12:35:59,398 DEBUG ['block2_conv1', False]
2018-01-19 12:35:59,398 DEBUG ['block2_conv2', False]
2018-01-19 12:35:59,398 DEBUG ['block2_pool', False]
2018-01-19 12:35:59,399 DEBUG ['block3_conv1', False]
2018-01-19 12:35:59,399 DEBUG ['block3_conv2', False]
2018-01-19 12:35:59,399 DEBUG ['block3_conv3', False]
2018-01-19 12:35:59,399 DEBUG ['block3_pool', False]
2018-01-19 12:35:59,399 DEBUG ['pool', True]
2018-01-19 12:35:59,399 DEBUG ['fc1', True]
2018-01-19 12:35:59,399 DEBUG ['fc2', True]
2018-01-19 12:35:59,399 DEBUG ['predictions', True]
2018-01-20 09:47:11,048 INFO Start
2018-01-20 09:47:24,995 DEBUG Trainability of the layers:
2018-01-20 09:47:24,996 DEBUG ['input_1', False]
2018-01-20 09:47:24,996 DEBUG ['block1_conv1', False]
2018-01-20 09:47:24,996 DEBUG ['block1_conv2', False]
2018-01-20 09:47:24,996 DEBUG ['block1_pool', False]
2018-01-20 09:47:24,996 DEBUG ['block2_conv1', False]
2018-01-20 09:47:24,996 DEBUG ['block2_conv2', False]
2018-01-20 09:47:24,996 DEBUG ['block2_pool', False]
2018-01-20 09:47:24,996 DEBUG ['block3_conv1', False]
2018-01-20 09:47:24,996 DEBUG ['block3_conv2', False]
2018-01-20 09:47:24,997 DEBUG ['block3_conv3', False]
2018-01-20 09:47:24,997 DEBUG ['block3_pool', False]
2018-01-20 09:47:24,997 DEBUG ['pool', True]
2018-01-20 09:47:24,997 DEBUG ['fc1', True]
2018-01-20 09:47:24,997 DEBUG ['fc2', True]
2018-01-20 09:47:24,997 DEBUG ['predictions', True]
2018-01-20 10:55:49,852 INFO Start
2018-01-20 10:56:03,060 DEBUG Trainability of the layers:
2018-01-20 10:56:03,060 DEBUG ['input_1', False]
2018-01-20 10:56:03,060 DEBUG ['block1_conv1', False]
2018-01-20 10:56:03,061 DEBUG ['block1_conv2', False]
2018-01-20 10:56:03,061 DEBUG ['block1_pool', False]
2018-01-20 10:56:03,061 DEBUG ['block2_conv1', False]
2018-01-20 10:56:03,061 DEBUG ['block2_conv2', False]
2018-01-20 10:56:03,061 DEBUG ['block2_pool', False]
2018-01-20 10:56:03,061 DEBUG ['block3_conv1', False]
2018-01-20 10:56:03,061 DEBUG ['block3_conv2', False]
2018-01-20 10:56:03,061 DEBUG ['block3_conv3', False]
2018-01-20 10:56:03,061 DEBUG ['block3_pool', False]
2018-01-20 10:56:03,061 DEBUG ['pool', True]
2018-01-20 10:56:03,061 DEBUG ['flatten_1', True]
2018-01-20 10:56:03,062 DEBUG ['fc1', True]
2018-01-20 10:56:03,062 DEBUG ['fc2', True]
2018-01-20 10:56:03,062 DEBUG ['predictions', True]
2018-01-21 10:35:54,720 INFO Start
2018-01-21 10:36:08,808 DEBUG Trainability of the layers:
2018-01-21 10:36:08,808 DEBUG ['input_1', False]
2018-01-21 10:36:08,809 DEBUG ['block1_conv1', False]
2018-01-21 10:36:08,809 DEBUG ['block1_conv2', False]
2018-01-21 10:36:08,809 DEBUG ['block1_pool', False]
2018-01-21 10:36:08,809 DEBUG ['block2_conv1', False]
2018-01-21 10:36:08,809 DEBUG ['block2_conv2', False]
2018-01-21 10:36:08,809 DEBUG ['block2_pool', False]
2018-01-21 10:36:08,809 DEBUG ['block3_conv1', False]
2018-01-21 10:36:08,809 DEBUG ['block3_conv2', False]
2018-01-21 10:36:08,809 DEBUG ['block3_conv3', False]
2018-01-21 10:36:08,809 DEBUG ['block3_pool', False]
2018-01-21 10:36:08,809 DEBUG ['pool', True]
2018-01-21 10:36:08,809 DEBUG ['flatten_1', True]
2018-01-21 10:36:08,809 DEBUG ['fc1', True]
2018-01-21 10:36:08,809 DEBUG ['fc2', True]
2018-01-21 10:36:08,809 DEBUG ['predictions', True]
2018-01-21 12:15:58,995 DEBUG ['input_1', True]
2018-01-21 12:15:58,995 DEBUG ['block1_conv1', True]
2018-01-21 12:15:58,995 DEBUG ['block1_conv2', True]
2018-01-21 12:15:58,995 DEBUG ['block1_pool', True]
2018-01-21 12:15:58,995 DEBUG ['block2_conv1', True]
2018-01-21 12:15:58,995 DEBUG ['block2_conv2', True]
2018-01-21 12:15:58,995 DEBUG ['block2_pool', True]
2018-01-21 12:15:58,996 DEBUG ['block3_conv1', True]
2018-01-21 12:15:58,996 DEBUG ['block3_conv2', True]
2018-01-21 12:15:58,996 DEBUG ['block3_conv3', True]
2018-01-21 12:15:58,996 DEBUG ['block3_pool', True]
2018-01-21 12:15:58,996 DEBUG ['pool', True]
2018-01-21 12:15:58,996 DEBUG ['flatten_1', True]
2018-01-21 12:15:58,996 DEBUG ['fc1', True]
2018-01-21 12:15:58,996 DEBUG ['fc2', True]
2018-01-21 12:15:58,996 DEBUG ['predictions', True]
2018-01-21 13:59:05,803 INFO [Training] Done in 5987.92624092 secs.

2018-01-21 14:04:14,959 INFO [Evaluation] Done in 309.155210018 secs.

2018-01-21 14:04:25,247 INFO Evaluator 
Acc (model)
Accuracy: 0.143877999166 
Precision: 0.143742255266 
Recall: 0.0179677819083 
Fscore: 0.125

2018-01-21 14:04:25,253 INFO Confusion matrix:

2018-01-21 14:04:25,253 INFO [[  0 118   0   0   0   0   0   0]
 [  0 116   0   0   0   0   0   0]
 [  0 101   0   0   0   0   0   0]
 [  0  76   0   0   0   0   0   0]
 [  0  94   0   0   0   0   0   0]
 [  0 114   0   0   0   0   0   0]
 [  0  80   0   0   0   0   0   0]
 [  0 108   0   0   0   0   0   0]]
2018-01-21 16:55:27,609 INFO Start
2018-01-21 16:55:38,845 DEBUG Trainability of the layers:
2018-01-21 16:55:38,846 DEBUG ['input_1', False]
2018-01-21 16:55:38,846 DEBUG ['block1_conv1', False]
2018-01-21 16:55:38,846 DEBUG ['block1_conv2', False]
2018-01-21 16:55:38,846 DEBUG ['block1_pool', False]
2018-01-21 16:55:38,846 DEBUG ['block2_conv1', False]
2018-01-21 16:55:38,846 DEBUG ['block2_conv2', False]
2018-01-21 16:55:38,846 DEBUG ['block2_pool', False]
2018-01-21 16:55:38,846 DEBUG ['block3_conv1', False]
2018-01-21 16:55:38,846 DEBUG ['block3_conv2', False]
2018-01-21 16:55:38,846 DEBUG ['block3_conv3', False]
2018-01-21 16:55:38,847 DEBUG ['block3_pool', False]
2018-01-21 16:55:38,847 DEBUG ['block4_conv1', False]
2018-01-21 16:55:38,847 DEBUG ['flatten_1', True]
2018-01-21 16:55:38,847 DEBUG ['fc1', True]
2018-01-21 16:55:38,847 DEBUG ['fc2', True]
2018-01-21 16:55:38,847 DEBUG ['predictions', True]
2018-01-21 16:57:48,095 INFO Start
2018-01-21 16:57:59,174 DEBUG Trainability of the layers:
2018-01-21 16:57:59,174 DEBUG ['input_1', False]
2018-01-21 16:57:59,174 DEBUG ['block1_conv1', False]
2018-01-21 16:57:59,174 DEBUG ['block1_conv2', False]
2018-01-21 16:57:59,174 DEBUG ['block1_pool', False]
2018-01-21 16:57:59,174 DEBUG ['block2_conv1', False]
2018-01-21 16:57:59,175 DEBUG ['block2_conv2', False]
2018-01-21 16:57:59,175 DEBUG ['block2_pool', False]
2018-01-21 16:57:59,175 DEBUG ['block3_conv1', False]
2018-01-21 16:57:59,175 DEBUG ['block3_conv2', False]
2018-01-21 16:57:59,175 DEBUG ['block3_conv3', False]
2018-01-21 16:57:59,175 DEBUG ['block3_pool', False]
2018-01-21 16:57:59,175 DEBUG ['flatten_1', True]
2018-01-21 16:57:59,175 DEBUG ['fc1', True]
2018-01-21 16:57:59,175 DEBUG ['fc2', True]
2018-01-21 16:57:59,175 DEBUG ['predictions', True]
2018-01-21 16:59:53,429 INFO Start
2018-01-21 17:00:04,429 DEBUG Trainability of the layers:
2018-01-21 17:00:04,430 DEBUG ['input_1', False]
2018-01-21 17:00:04,430 DEBUG ['block1_conv1', False]
2018-01-21 17:00:04,430 DEBUG ['block1_conv2', False]
2018-01-21 17:00:04,430 DEBUG ['block1_pool', False]
2018-01-21 17:00:04,430 DEBUG ['block2_conv1', False]
2018-01-21 17:00:04,430 DEBUG ['block2_conv2', False]
2018-01-21 17:00:04,430 DEBUG ['block2_pool', False]
2018-01-21 17:00:04,430 DEBUG ['block3_conv1', False]
2018-01-21 17:00:04,430 DEBUG ['block3_conv2', False]
2018-01-21 17:00:04,430 DEBUG ['block3_conv3', False]
2018-01-21 17:00:04,430 DEBUG ['block3_pool', False]
2018-01-21 17:00:04,430 DEBUG ['pool', True]
2018-01-21 17:00:04,430 DEBUG ['flatten_1', True]
2018-01-21 17:00:04,430 DEBUG ['fc1', True]
2018-01-21 17:00:04,431 DEBUG ['fc2', True]
2018-01-21 17:00:04,431 DEBUG ['predictions', True]
2018-01-21 17:46:44,805 INFO Start
2018-01-21 17:46:55,427 DEBUG Trainability of the layers:
2018-01-21 17:46:55,757 DEBUG ['input_1', False]
2018-01-21 17:46:55,757 DEBUG ['block1_conv1', False]
2018-01-21 17:46:55,758 DEBUG ['block1_conv2', False]
2018-01-21 17:46:55,758 DEBUG ['block1_pool', False]
2018-01-21 17:46:55,758 DEBUG ['block2_conv1', False]
2018-01-21 17:46:55,758 DEBUG ['block2_conv2', False]
2018-01-21 17:46:55,758 DEBUG ['block2_pool', False]
2018-01-21 17:46:55,758 DEBUG ['block3_conv1', False]
2018-01-21 17:46:55,758 DEBUG ['block3_conv2', False]
2018-01-21 17:46:55,758 DEBUG ['block3_conv3', False]
2018-01-21 17:46:55,758 DEBUG ['block3_pool', False]
2018-01-21 17:46:55,759 DEBUG ['block4_conv1', False]
2018-01-21 17:46:55,759 DEBUG ['block4_conv2', False]
2018-01-21 17:46:55,759 DEBUG ['block4_conv3', False]
2018-01-21 17:46:55,759 DEBUG ['block4_pool', False]
2018-01-21 17:46:55,759 DEBUG ['block5_conv1', False]
2018-01-21 17:46:55,759 DEBUG ['block5_conv2', False]
2018-01-21 17:46:55,759 DEBUG ['block5_conv3', False]
2018-01-21 17:46:55,759 DEBUG ['block5_pool', False]
2018-01-21 17:46:55,759 DEBUG ['flatten', False]
2018-01-21 17:46:55,760 DEBUG ['fc1', False]
2018-01-21 17:46:55,760 DEBUG ['fc2', False]
2018-01-21 17:46:55,760 DEBUG ['predictions', True]
2018-01-21 18:16:48,855 INFO Start
2018-01-21 18:16:59,547 DEBUG Trainability of the layers:
2018-01-21 18:16:59,845 DEBUG ['input_1', False]
2018-01-21 18:16:59,846 DEBUG ['block1_conv1', False]
2018-01-21 18:16:59,846 DEBUG ['block1_conv2', False]
2018-01-21 18:16:59,846 DEBUG ['block1_pool', False]
2018-01-21 18:16:59,846 DEBUG ['block2_conv1', False]
2018-01-21 18:16:59,846 DEBUG ['block2_conv2', False]
2018-01-21 18:16:59,846 DEBUG ['block2_pool', False]
2018-01-21 18:16:59,846 DEBUG ['block3_conv1', False]
2018-01-21 18:16:59,846 DEBUG ['block3_conv2', False]
2018-01-21 18:16:59,846 DEBUG ['block3_conv3', False]
2018-01-21 18:16:59,846 DEBUG ['block3_pool', False]
2018-01-21 18:16:59,847 DEBUG ['flatten_2', True]
2018-01-21 18:16:59,847 DEBUG ['fc1', True]
2018-01-21 18:16:59,847 DEBUG ['fc2', True]
2018-01-21 18:16:59,847 DEBUG ['predictions', True]
2018-01-21 18:18:28,532 INFO Start
2018-01-21 18:18:39,840 DEBUG Trainability of the layers:
2018-01-21 18:18:40,158 DEBUG ['input_1', False]
2018-01-21 18:18:40,158 DEBUG ['block1_conv1', False]
2018-01-21 18:18:40,158 DEBUG ['block1_conv2', False]
2018-01-21 18:18:40,158 DEBUG ['block1_pool', False]
2018-01-21 18:18:40,158 DEBUG ['block2_conv1', False]
2018-01-21 18:18:40,158 DEBUG ['block2_conv2', False]
2018-01-21 18:18:40,159 DEBUG ['block2_pool', False]
2018-01-21 18:18:40,159 DEBUG ['block3_conv1', False]
2018-01-21 18:18:40,159 DEBUG ['block3_conv2', False]
2018-01-21 18:18:40,159 DEBUG ['block3_conv3', False]
2018-01-21 18:18:40,159 DEBUG ['block3_pool', False]
2018-01-21 18:18:40,159 DEBUG ['block4_conv1', False]
2018-01-21 18:18:40,159 DEBUG ['block4_conv2', False]
2018-01-21 18:18:40,159 DEBUG ['block4_conv3', False]
2018-01-21 18:18:40,159 DEBUG ['flatten_2', True]
2018-01-21 18:18:40,159 DEBUG ['fc1', True]
2018-01-21 18:18:40,159 DEBUG ['fc2', True]
2018-01-21 18:18:40,159 DEBUG ['predictions', True]
2018-01-21 18:20:12,806 INFO Start
2018-01-21 18:20:24,229 DEBUG Trainability of the layers:
2018-01-21 18:20:24,553 DEBUG ['input_1', False]
2018-01-21 18:20:24,553 DEBUG ['block1_conv1', False]
2018-01-21 18:20:24,554 DEBUG ['block1_conv2', False]
2018-01-21 18:20:24,554 DEBUG ['block1_pool', False]
2018-01-21 18:20:24,554 DEBUG ['block2_conv1', False]
2018-01-21 18:20:24,554 DEBUG ['block2_conv2', False]
2018-01-21 18:20:24,554 DEBUG ['block2_pool', False]
2018-01-21 18:20:24,554 DEBUG ['block3_conv1', False]
2018-01-21 18:20:24,554 DEBUG ['block3_conv2', False]
2018-01-21 18:20:24,554 DEBUG ['block3_conv3', False]
2018-01-21 18:20:24,554 DEBUG ['block3_pool', False]
2018-01-21 18:20:24,554 DEBUG ['block4_conv1', False]
2018-01-21 18:20:24,554 DEBUG ['block4_conv2', False]
2018-01-21 18:20:24,554 DEBUG ['block4_conv3', False]
2018-01-21 18:20:24,554 DEBUG ['pool', True]
2018-01-21 18:20:24,554 DEBUG ['flatten_2', True]
2018-01-21 18:20:24,555 DEBUG ['fc1', True]
2018-01-21 18:20:24,555 DEBUG ['fc2', True]
2018-01-21 18:20:24,555 DEBUG ['predictions', True]
2018-01-21 18:27:33,697 INFO Start
2018-01-21 18:27:45,647 DEBUG Trainability of the layers:
2018-01-21 18:27:45,966 DEBUG ['input_1', False]
2018-01-21 18:27:45,967 DEBUG ['block1_conv1', False]
2018-01-21 18:27:45,967 DEBUG ['block1_conv2', False]
2018-01-21 18:27:45,967 DEBUG ['block1_pool', False]
2018-01-21 18:27:45,967 DEBUG ['block2_conv1', False]
2018-01-21 18:27:45,967 DEBUG ['block2_conv2', False]
2018-01-21 18:27:45,967 DEBUG ['block2_pool', False]
2018-01-21 18:27:45,967 DEBUG ['block3_conv1', False]
2018-01-21 18:27:45,967 DEBUG ['block3_conv2', False]
2018-01-21 18:27:45,968 DEBUG ['block3_conv3', False]
2018-01-21 18:27:45,968 DEBUG ['block3_pool', False]
2018-01-21 18:27:45,968 DEBUG ['pool', True]
2018-01-21 18:27:45,968 DEBUG ['flatten_2', True]
2018-01-21 18:27:45,968 DEBUG ['fc1', True]
2018-01-21 18:27:45,968 DEBUG ['fc2', True]
2018-01-21 18:27:45,968 DEBUG ['predictions', True]
2018-01-21 18:38:44,456 INFO Start
2018-01-21 18:38:55,753 DEBUG Trainability of the layers:
2018-01-21 18:38:56,062 DEBUG ['input_1', False]
2018-01-21 18:38:56,063 DEBUG ['block1_conv1', False]
2018-01-21 18:38:56,063 DEBUG ['block1_conv2', False]
2018-01-21 18:38:56,063 DEBUG ['block1_pool', False]
2018-01-21 18:38:56,063 DEBUG ['block2_conv1', False]
2018-01-21 18:38:56,063 DEBUG ['block2_conv2', False]
2018-01-21 18:38:56,063 DEBUG ['block2_pool', False]
2018-01-21 18:38:56,063 DEBUG ['block3_conv1', False]
2018-01-21 18:38:56,063 DEBUG ['block3_conv2', False]
2018-01-21 18:38:56,064 DEBUG ['block3_conv3', False]
2018-01-21 18:38:56,064 DEBUG ['block3_pool', False]
2018-01-21 18:38:56,064 DEBUG ['pool', True]
2018-01-21 18:38:56,064 DEBUG ['flatten_2', True]
2018-01-21 18:38:56,064 DEBUG ['fc1', True]
2018-01-21 18:38:56,064 DEBUG ['fc2', True]
2018-01-21 18:38:56,064 DEBUG ['predictions', True]
2018-01-21 18:38:58,468 DEBUG ['input_1', True]
2018-01-21 18:38:58,468 DEBUG ['block1_conv1', True]
2018-01-21 18:38:58,468 DEBUG ['block1_conv2', True]
2018-01-21 18:38:58,469 DEBUG ['block1_pool', True]
2018-01-21 18:38:58,469 DEBUG ['block2_conv1', True]
2018-01-21 18:38:58,469 DEBUG ['block2_conv2', True]
2018-01-21 18:38:58,469 DEBUG ['block2_pool', True]
2018-01-21 18:38:58,469 DEBUG ['block3_conv1', True]
2018-01-21 18:38:58,469 DEBUG ['block3_conv2', True]
2018-01-21 18:38:58,469 DEBUG ['block3_conv3', True]
2018-01-21 18:38:58,469 DEBUG ['block3_pool', True]
2018-01-21 18:38:58,469 DEBUG ['pool', True]
2018-01-21 18:38:58,469 DEBUG ['flatten_2', True]
2018-01-21 18:38:58,470 DEBUG ['fc1', True]
2018-01-21 18:38:58,470 DEBUG ['fc2', True]
2018-01-21 18:38:58,470 DEBUG ['predictions', True]
2018-01-21 18:43:45,201 INFO Start
2018-01-21 18:43:55,899 DEBUG Trainability of the layers:
2018-01-21 18:43:56,207 DEBUG ['input_1', False]
2018-01-21 18:43:56,207 DEBUG ['block1_conv1', False]
2018-01-21 18:43:56,207 DEBUG ['block1_conv2', False]
2018-01-21 18:43:56,207 DEBUG ['block1_pool', False]
2018-01-21 18:43:56,208 DEBUG ['block2_conv1', False]
2018-01-21 18:43:56,208 DEBUG ['block2_conv2', False]
2018-01-21 18:43:56,208 DEBUG ['block2_pool', False]
2018-01-21 18:43:56,208 DEBUG ['block3_conv1', False]
2018-01-21 18:43:56,208 DEBUG ['block3_conv2', False]
2018-01-21 18:43:56,208 DEBUG ['block3_conv3', False]
2018-01-21 18:43:56,208 DEBUG ['block3_pool', False]
2018-01-21 18:43:56,208 DEBUG ['block4_conv1', False]
2018-01-21 18:43:56,208 DEBUG ['block4_conv2', False]
2018-01-21 18:43:56,208 DEBUG ['block4_conv3', False]
2018-01-21 18:43:56,209 DEBUG ['flatten_2', True]
2018-01-21 18:43:56,209 DEBUG ['fc1', True]
2018-01-21 18:43:56,209 DEBUG ['fc2', True]
2018-01-21 18:43:56,209 DEBUG ['predictions', True]
2018-01-21 18:45:01,734 INFO Start
2018-01-21 18:45:13,041 DEBUG Trainability of the layers:
2018-01-21 18:45:13,379 DEBUG ['input_1', False]
2018-01-21 18:45:13,380 DEBUG ['block1_conv1', False]
2018-01-21 18:45:13,380 DEBUG ['block1_conv2', False]
2018-01-21 18:45:13,380 DEBUG ['block1_pool', False]
2018-01-21 18:45:13,380 DEBUG ['block2_conv1', False]
2018-01-21 18:45:13,380 DEBUG ['block2_conv2', False]
2018-01-21 18:45:13,380 DEBUG ['block2_pool', False]
2018-01-21 18:45:13,380 DEBUG ['block3_conv1', False]
2018-01-21 18:45:13,381 DEBUG ['block3_conv2', False]
2018-01-21 18:45:13,381 DEBUG ['block3_conv3', False]
2018-01-21 18:45:13,381 DEBUG ['block3_pool', False]
2018-01-21 18:45:13,381 DEBUG ['block4_conv1', False]
2018-01-21 18:45:13,381 DEBUG ['block4_conv2', False]
2018-01-21 18:45:13,381 DEBUG ['block4_conv3', False]
2018-01-21 18:45:13,381 DEBUG ['pool', True]
2018-01-21 18:45:13,381 DEBUG ['flatten_2', True]
2018-01-21 18:45:13,381 DEBUG ['fc1', True]
2018-01-21 18:45:13,381 DEBUG ['fc2', True]
2018-01-21 18:45:13,381 DEBUG ['predictions', True]
2018-01-21 18:48:04,267 INFO Start
2018-01-21 18:48:17,198 DEBUG Trainability of the layers:
2018-01-21 18:48:17,560 DEBUG ['input_1', False]
2018-01-21 18:48:17,561 DEBUG ['block1_conv1', False]
2018-01-21 18:48:17,561 DEBUG ['block1_conv2', False]
2018-01-21 18:48:17,561 DEBUG ['block1_pool', False]
2018-01-21 18:48:17,561 DEBUG ['block2_conv1', False]
2018-01-21 18:48:17,561 DEBUG ['block2_conv2', False]
2018-01-21 18:48:17,561 DEBUG ['block2_pool', False]
2018-01-21 18:48:17,561 DEBUG ['block3_conv1', False]
2018-01-21 18:48:17,562 DEBUG ['block3_conv2', False]
2018-01-21 18:48:17,562 DEBUG ['block3_conv3', False]
2018-01-21 18:48:17,562 DEBUG ['block3_pool', False]
2018-01-21 18:48:17,562 DEBUG ['block4_conv1', False]
2018-01-21 18:48:17,562 DEBUG ['block4_conv2', False]
2018-01-21 18:48:17,562 DEBUG ['block4_conv3', False]
2018-01-21 18:48:17,562 DEBUG ['pool', True]
2018-01-21 18:48:17,562 DEBUG ['flatten_2', True]
2018-01-21 18:48:17,563 DEBUG ['fc1', True]
2018-01-21 18:48:17,563 DEBUG ['fc2', True]
2018-01-21 18:48:17,563 DEBUG ['predictions', True]
2018-01-21 18:53:27,741 INFO Start
2018-01-21 18:53:40,770 DEBUG Trainability of the layers:
2018-01-21 18:53:41,057 DEBUG ['input_1', False]
2018-01-21 18:53:41,057 DEBUG ['block1_conv1', False]
2018-01-21 18:53:41,057 DEBUG ['block1_conv2', False]
2018-01-21 18:53:41,058 DEBUG ['block1_pool', False]
2018-01-21 18:53:41,058 DEBUG ['block2_conv1', False]
2018-01-21 18:53:41,058 DEBUG ['block2_conv2', False]
2018-01-21 18:53:41,058 DEBUG ['block2_pool', False]
2018-01-21 18:53:41,058 DEBUG ['block3_conv1', False]
2018-01-21 18:53:41,058 DEBUG ['block3_conv2', False]
2018-01-21 18:53:41,058 DEBUG ['block3_conv3', False]
2018-01-21 18:53:41,058 DEBUG ['block3_pool', False]
2018-01-21 18:53:41,058 DEBUG ['block4_conv1', False]
2018-01-21 18:53:41,058 DEBUG ['block4_conv2', False]
2018-01-21 18:53:41,058 DEBUG ['block4_conv3', False]
2018-01-21 18:53:41,058 DEBUG ['pool', True]
2018-01-21 18:53:41,058 DEBUG ['flatten_2', True]
2018-01-21 18:53:41,058 DEBUG ['fc1', True]
2018-01-21 18:53:41,058 DEBUG ['fc2', True]
2018-01-21 18:53:41,058 DEBUG ['predictions', True]
2018-01-21 18:57:56,108 DEBUG ['input_1', True]
2018-01-21 18:57:56,108 DEBUG ['block1_conv1', True]
2018-01-21 18:57:56,108 DEBUG ['block1_conv2', True]
2018-01-21 18:57:56,108 DEBUG ['block1_pool', True]
2018-01-21 18:57:56,108 DEBUG ['block2_conv1', True]
2018-01-21 18:57:56,108 DEBUG ['block2_conv2', True]
2018-01-21 18:57:56,108 DEBUG ['block2_pool', True]
2018-01-21 18:57:56,109 DEBUG ['block3_conv1', True]
2018-01-21 18:57:56,109 DEBUG ['block3_conv2', True]
2018-01-21 18:57:56,109 DEBUG ['block3_conv3', True]
2018-01-21 18:57:56,109 DEBUG ['block3_pool', True]
2018-01-21 18:57:56,109 DEBUG ['block4_conv1', True]
2018-01-21 18:57:56,109 DEBUG ['block4_conv2', True]
2018-01-21 18:57:56,109 DEBUG ['block4_conv3', True]
2018-01-21 18:57:56,109 DEBUG ['pool', True]
2018-01-21 18:57:56,109 DEBUG ['flatten_2', True]
2018-01-21 18:57:56,109 DEBUG ['fc1', True]
2018-01-21 18:57:56,109 DEBUG ['fc2', True]
2018-01-21 18:57:56,109 DEBUG ['predictions', True]
2018-01-21 18:58:32,126 INFO Start
2018-01-21 18:58:46,052 DEBUG Trainability of the layers:
2018-01-21 18:58:46,398 DEBUG ['input_1', False]
2018-01-21 18:58:46,398 DEBUG ['block1_conv1', False]
2018-01-21 18:58:46,399 DEBUG ['block1_conv2', False]
2018-01-21 18:58:46,399 DEBUG ['block1_pool', False]
2018-01-21 18:58:46,399 DEBUG ['block2_conv1', False]
2018-01-21 18:58:46,399 DEBUG ['block2_conv2', False]
2018-01-21 18:58:46,399 DEBUG ['block2_pool', False]
2018-01-21 18:58:46,399 DEBUG ['block3_conv1', False]
2018-01-21 18:58:46,399 DEBUG ['block3_conv2', False]
2018-01-21 18:58:46,399 DEBUG ['block3_conv3', False]
2018-01-21 18:58:46,399 DEBUG ['block3_pool', False]
2018-01-21 18:58:46,399 DEBUG ['block4_conv1', False]
2018-01-21 18:58:46,399 DEBUG ['block4_conv2', False]
2018-01-21 18:58:46,400 DEBUG ['block4_conv3', False]
2018-01-21 18:58:46,400 DEBUG ['pool', True]
2018-01-21 18:58:46,400 DEBUG ['flatten_2', True]
2018-01-21 18:58:46,400 DEBUG ['fc1', True]
2018-01-21 18:58:46,400 DEBUG ['fc2', True]
2018-01-21 18:58:46,400 DEBUG ['predictions', True]
2018-01-21 19:02:44,702 DEBUG ['input_1', True]
2018-01-21 19:02:44,703 DEBUG ['block1_conv1', True]
2018-01-21 19:02:44,703 DEBUG ['block1_conv2', True]
2018-01-21 19:02:44,703 DEBUG ['block1_pool', True]
2018-01-21 19:02:44,703 DEBUG ['block2_conv1', True]
2018-01-21 19:02:44,703 DEBUG ['block2_conv2', True]
2018-01-21 19:02:44,703 DEBUG ['block2_pool', True]
2018-01-21 19:02:44,703 DEBUG ['block3_conv1', True]
2018-01-21 19:02:44,703 DEBUG ['block3_conv2', True]
2018-01-21 19:02:44,703 DEBUG ['block3_conv3', True]
2018-01-21 19:02:44,703 DEBUG ['block3_pool', True]
2018-01-21 19:02:44,703 DEBUG ['block4_conv1', True]
2018-01-21 19:02:44,703 DEBUG ['block4_conv2', True]
2018-01-21 19:02:44,703 DEBUG ['block4_conv3', True]
2018-01-21 19:02:44,703 DEBUG ['pool', True]
2018-01-21 19:02:44,704 DEBUG ['flatten_2', True]
2018-01-21 19:02:44,704 DEBUG ['fc1', True]
2018-01-21 19:02:44,704 DEBUG ['fc2', True]
2018-01-21 19:02:44,704 DEBUG ['predictions', True]
2018-01-21 19:06:15,081 INFO Start
2018-01-21 19:06:36,215 DEBUG Trainability of the layers:
2018-01-21 19:06:36,570 DEBUG ['input_1', False]
2018-01-21 19:06:36,570 DEBUG ['block1_conv1', False]
2018-01-21 19:06:36,570 DEBUG ['block1_conv2', False]
2018-01-21 19:06:36,570 DEBUG ['block1_pool', False]
2018-01-21 19:06:36,570 DEBUG ['block2_conv1', False]
2018-01-21 19:06:36,570 DEBUG ['block2_conv2', False]
2018-01-21 19:06:36,571 DEBUG ['block2_pool', False]
2018-01-21 19:06:36,571 DEBUG ['block3_conv1', False]
2018-01-21 19:06:36,571 DEBUG ['block3_conv2', False]
2018-01-21 19:06:36,571 DEBUG ['block3_conv3', False]
2018-01-21 19:06:36,571 DEBUG ['block3_pool', False]
2018-01-21 19:06:36,571 DEBUG ['block4_conv1', False]
2018-01-21 19:06:36,571 DEBUG ['block4_conv2', False]
2018-01-21 19:06:36,571 DEBUG ['block4_conv3', False]
2018-01-21 19:06:36,571 DEBUG ['pool', True]
2018-01-21 19:06:36,571 DEBUG ['flatten_2', True]
2018-01-21 19:06:36,571 DEBUG ['fc1', True]
2018-01-21 19:06:36,572 DEBUG ['fc2', True]
2018-01-21 19:06:36,572 DEBUG ['predictions', True]
2018-01-21 19:08:16,428 INFO Start
2018-01-21 19:08:32,953 DEBUG Trainability of the layers:
2018-01-21 19:08:33,291 DEBUG ['input_1', False]
2018-01-21 19:08:33,291 DEBUG ['block1_conv1', False]
2018-01-21 19:08:33,291 DEBUG ['block1_conv2', False]
2018-01-21 19:08:33,291 DEBUG ['block1_pool', False]
2018-01-21 19:08:33,291 DEBUG ['block2_conv1', False]
2018-01-21 19:08:33,291 DEBUG ['block2_conv2', False]
2018-01-21 19:08:33,291 DEBUG ['block2_pool', False]
2018-01-21 19:08:33,292 DEBUG ['block3_conv1', False]
2018-01-21 19:08:33,292 DEBUG ['block3_conv2', False]
2018-01-21 19:08:33,292 DEBUG ['block3_conv3', False]
2018-01-21 19:08:33,292 DEBUG ['block3_pool', False]
2018-01-21 19:08:33,292 DEBUG ['block4_conv1', False]
2018-01-21 19:08:33,292 DEBUG ['block4_conv2', False]
2018-01-21 19:08:33,292 DEBUG ['block4_conv3', False]
2018-01-21 19:08:33,292 DEBUG ['flatten_2', True]
2018-01-21 19:08:33,292 DEBUG ['fc1', True]
2018-01-21 19:08:33,292 DEBUG ['fc2', True]
2018-01-21 19:08:33,292 DEBUG ['predictions', True]
2018-01-21 19:12:51,461 DEBUG ['input_1', True]
2018-01-21 19:12:51,461 DEBUG ['block1_conv1', True]
2018-01-21 19:12:51,462 DEBUG ['block1_conv2', True]
2018-01-21 19:12:51,462 DEBUG ['block1_pool', True]
2018-01-21 19:12:51,462 DEBUG ['block2_conv1', True]
2018-01-21 19:12:51,462 DEBUG ['block2_conv2', True]
2018-01-21 19:12:51,462 DEBUG ['block2_pool', True]
2018-01-21 19:12:51,462 DEBUG ['block3_conv1', True]
2018-01-21 19:12:51,463 DEBUG ['block3_conv2', True]
2018-01-21 19:12:51,463 DEBUG ['block3_conv3', True]
2018-01-21 19:12:51,463 DEBUG ['block3_pool', True]
2018-01-21 19:12:51,463 DEBUG ['block4_conv1', True]
2018-01-21 19:12:51,463 DEBUG ['block4_conv2', True]
2018-01-21 19:12:51,463 DEBUG ['block4_conv3', True]
2018-01-21 19:12:51,463 DEBUG ['flatten_2', True]
2018-01-21 19:12:51,463 DEBUG ['fc1', True]
2018-01-21 19:12:51,463 DEBUG ['fc2', True]
2018-01-21 19:12:51,464 DEBUG ['predictions', True]
2018-01-21 19:15:59,412 INFO Start
2018-01-21 19:16:10,651 DEBUG Trainability of the layers:
2018-01-21 19:16:10,973 DEBUG ['input_1', False]
2018-01-21 19:16:10,974 DEBUG ['block1_conv1', False]
2018-01-21 19:16:10,974 DEBUG ['block1_conv2', False]
2018-01-21 19:16:10,974 DEBUG ['block1_pool', False]
2018-01-21 19:16:10,974 DEBUG ['block2_conv1', False]
2018-01-21 19:16:10,974 DEBUG ['block2_conv2', False]
2018-01-21 19:16:10,974 DEBUG ['block2_pool', False]
2018-01-21 19:16:10,974 DEBUG ['block3_conv1', False]
2018-01-21 19:16:10,974 DEBUG ['block3_conv2', False]
2018-01-21 19:16:10,974 DEBUG ['block3_conv3', False]
2018-01-21 19:16:10,974 DEBUG ['block3_pool', False]
2018-01-21 19:16:10,975 DEBUG ['block4_conv1', False]
2018-01-21 19:16:10,975 DEBUG ['block4_conv2', False]
2018-01-21 19:16:10,975 DEBUG ['block4_conv3', False]
2018-01-21 19:16:10,975 DEBUG ['flatten_2', True]
2018-01-21 19:16:10,975 DEBUG ['fc1', True]
2018-01-21 19:16:10,975 DEBUG ['fc2', True]
2018-01-21 19:16:10,975 DEBUG ['predictions', True]
2018-01-21 19:20:05,502 DEBUG ['input_1', True]
2018-01-21 19:20:05,502 DEBUG ['block1_conv1', True]
2018-01-21 19:20:05,502 DEBUG ['block1_conv2', True]
2018-01-21 19:20:05,502 DEBUG ['block1_pool', True]
2018-01-21 19:20:05,503 DEBUG ['block2_conv1', True]
2018-01-21 19:20:05,503 DEBUG ['block2_conv2', True]
2018-01-21 19:20:05,503 DEBUG ['block2_pool', True]
2018-01-21 19:20:05,503 DEBUG ['block3_conv1', True]
2018-01-21 19:20:05,503 DEBUG ['block3_conv2', True]
2018-01-21 19:20:05,503 DEBUG ['block3_conv3', True]
2018-01-21 19:20:05,503 DEBUG ['block3_pool', True]
2018-01-21 19:20:05,503 DEBUG ['block4_conv1', True]
2018-01-21 19:20:05,503 DEBUG ['block4_conv2', True]
2018-01-21 19:20:05,503 DEBUG ['block4_conv3', True]
2018-01-21 19:20:05,503 DEBUG ['flatten_2', True]
2018-01-21 19:20:05,503 DEBUG ['fc1', True]
2018-01-21 19:20:05,504 DEBUG ['fc2', True]
2018-01-21 19:20:05,504 DEBUG ['predictions', True]
2018-01-21 19:24:25,229 INFO Start
2018-01-21 19:24:36,651 DEBUG Trainability of the layers:
2018-01-21 19:24:37,109 DEBUG ['input_1', False]
2018-01-21 19:24:37,110 DEBUG ['block1_conv1', False]
2018-01-21 19:24:37,110 DEBUG ['block1_conv2', False]
2018-01-21 19:24:37,110 DEBUG ['block1_pool', False]
2018-01-21 19:24:37,110 DEBUG ['block2_conv1', False]
2018-01-21 19:24:37,110 DEBUG ['block2_conv2', False]
2018-01-21 19:24:37,110 DEBUG ['block2_pool', False]
2018-01-21 19:24:37,110 DEBUG ['block3_conv1', False]
2018-01-21 19:24:37,110 DEBUG ['block3_conv2', False]
2018-01-21 19:24:37,110 DEBUG ['block3_conv3', False]
2018-01-21 19:24:37,110 DEBUG ['block3_pool', False]
2018-01-21 19:24:37,110 DEBUG ['block4_conv1', False]
2018-01-21 19:24:37,111 DEBUG ['block4_conv2', False]
2018-01-21 19:24:37,111 DEBUG ['block4_conv3', False]
2018-01-21 19:24:37,111 DEBUG ['flatten_1', True]
2018-01-21 19:24:37,111 DEBUG ['fc1', True]
2018-01-21 19:24:37,111 DEBUG ['fc2', True]
2018-01-21 19:24:37,111 DEBUG ['predictions', True]
2018-01-21 19:28:33,129 DEBUG ['input_1', True]
2018-01-21 19:28:33,130 DEBUG ['block1_conv1', True]
2018-01-21 19:28:33,130 DEBUG ['block1_conv2', True]
2018-01-21 19:28:33,130 DEBUG ['block1_pool', True]
2018-01-21 19:28:33,130 DEBUG ['block2_conv1', True]
2018-01-21 19:28:33,130 DEBUG ['block2_conv2', True]
2018-01-21 19:28:33,130 DEBUG ['block2_pool', True]
2018-01-21 19:28:33,130 DEBUG ['block3_conv1', True]
2018-01-21 19:28:33,131 DEBUG ['block3_conv2', True]
2018-01-21 19:28:33,131 DEBUG ['block3_conv3', True]
2018-01-21 19:28:33,131 DEBUG ['block3_pool', True]
2018-01-21 19:28:33,131 DEBUG ['block4_conv1', True]
2018-01-21 19:28:33,131 DEBUG ['block4_conv2', True]
2018-01-21 19:28:33,131 DEBUG ['block4_conv3', True]
2018-01-21 19:28:33,131 DEBUG ['flatten_1', True]
2018-01-21 19:28:33,131 DEBUG ['fc1', True]
2018-01-21 19:28:33,131 DEBUG ['fc2', True]
2018-01-21 19:28:33,131 DEBUG ['predictions', True]
2018-01-21 19:30:19,402 INFO Start
2018-01-21 19:30:31,327 DEBUG Trainability of the layers:
2018-01-21 19:30:31,768 DEBUG ['input_1', False]
2018-01-21 19:30:31,768 DEBUG ['block1_conv1', False]
2018-01-21 19:30:31,768 DEBUG ['block1_conv2', False]
2018-01-21 19:30:31,768 DEBUG ['block1_pool', False]
2018-01-21 19:30:31,768 DEBUG ['block2_conv1', False]
2018-01-21 19:30:31,768 DEBUG ['block2_conv2', False]
2018-01-21 19:30:31,768 DEBUG ['block2_pool', False]
2018-01-21 19:30:31,769 DEBUG ['block3_conv1', False]
2018-01-21 19:30:31,769 DEBUG ['block3_conv2', False]
2018-01-21 19:30:31,769 DEBUG ['block3_conv3', False]
2018-01-21 19:30:31,769 DEBUG ['block3_pool', False]
2018-01-21 19:30:31,769 DEBUG ['block4_conv1', False]
2018-01-21 19:30:31,769 DEBUG ['block4_conv2', False]
2018-01-21 19:30:31,769 DEBUG ['block4_conv3', False]
2018-01-21 19:30:31,769 DEBUG ['flatten_1', True]
2018-01-21 19:30:31,769 DEBUG ['fc1', True]
2018-01-21 19:30:31,769 DEBUG ['fc2', True]
2018-01-21 19:30:31,769 DEBUG ['predictions', True]
2018-01-21 19:34:31,591 DEBUG ['input_1', True]
2018-01-21 19:34:31,592 DEBUG ['block1_conv1', True]
2018-01-21 19:34:31,594 DEBUG ['block1_conv2', True]
2018-01-21 19:34:31,594 DEBUG ['block1_pool', True]
2018-01-21 19:34:31,594 DEBUG ['block2_conv1', True]
2018-01-21 19:34:31,594 DEBUG ['block2_conv2', True]
2018-01-21 19:34:31,594 DEBUG ['block2_pool', True]
2018-01-21 19:34:31,595 DEBUG ['block3_conv1', True]
2018-01-21 19:34:31,595 DEBUG ['block3_conv2', True]
2018-01-21 19:34:31,595 DEBUG ['block3_conv3', True]
2018-01-21 19:34:31,595 DEBUG ['block3_pool', True]
2018-01-21 19:34:31,595 DEBUG ['block4_conv1', True]
2018-01-21 19:34:31,595 DEBUG ['block4_conv2', True]
2018-01-21 19:34:31,595 DEBUG ['block4_conv3', True]
2018-01-21 19:34:31,595 DEBUG ['flatten_1', True]
2018-01-21 19:34:31,595 DEBUG ['fc1', True]
2018-01-21 19:34:31,596 DEBUG ['fc2', True]
2018-01-21 19:34:31,596 DEBUG ['predictions', True]
2018-01-21 19:37:15,609 INFO Start
2018-01-21 19:37:26,137 DEBUG Trainability of the layers:
2018-01-21 19:37:26,602 DEBUG ['input_1', False]
2018-01-21 19:37:26,602 DEBUG ['block1_conv1', False]
2018-01-21 19:37:26,603 DEBUG ['block1_conv2', False]
2018-01-21 19:37:26,603 DEBUG ['block1_pool', False]
2018-01-21 19:37:26,603 DEBUG ['block2_conv1', False]
2018-01-21 19:37:26,603 DEBUG ['block2_conv2', False]
2018-01-21 19:37:26,603 DEBUG ['block2_pool', False]
2018-01-21 19:37:26,604 DEBUG ['block3_conv1', False]
2018-01-21 19:37:26,604 DEBUG ['block3_conv2', False]
2018-01-21 19:37:26,604 DEBUG ['block3_conv3', False]
2018-01-21 19:37:26,604 DEBUG ['block3_pool', False]
2018-01-21 19:37:26,604 DEBUG ['block4_conv1', False]
2018-01-21 19:37:26,604 DEBUG ['block4_conv2', False]
2018-01-21 19:37:26,604 DEBUG ['block4_conv3', False]
2018-01-21 19:37:26,605 DEBUG ['pool', True]
2018-01-21 19:37:26,605 DEBUG ['flatten_1', True]
2018-01-21 19:37:26,605 DEBUG ['fc1', True]
2018-01-21 19:37:26,605 DEBUG ['fc2', True]
2018-01-21 19:37:26,605 DEBUG ['predictions', True]
2018-01-21 19:41:16,242 DEBUG ['input_1', True]
2018-01-21 19:41:16,243 DEBUG ['block1_conv1', True]
2018-01-21 19:41:16,243 DEBUG ['block1_conv2', True]
2018-01-21 19:41:16,243 DEBUG ['block1_pool', True]
2018-01-21 19:41:16,243 DEBUG ['block2_conv1', True]
2018-01-21 19:41:16,243 DEBUG ['block2_conv2', True]
2018-01-21 19:41:16,243 DEBUG ['block2_pool', True]
2018-01-21 19:41:16,243 DEBUG ['block3_conv1', True]
2018-01-21 19:41:16,243 DEBUG ['block3_conv2', True]
2018-01-21 19:41:16,243 DEBUG ['block3_conv3', True]
2018-01-21 19:41:16,244 DEBUG ['block3_pool', True]
2018-01-21 19:41:16,244 DEBUG ['block4_conv1', True]
2018-01-21 19:41:16,244 DEBUG ['block4_conv2', True]
2018-01-21 19:41:16,244 DEBUG ['block4_conv3', True]
2018-01-21 19:41:16,244 DEBUG ['pool', True]
2018-01-21 19:41:16,244 DEBUG ['flatten_1', True]
2018-01-21 19:41:16,244 DEBUG ['fc1', True]
2018-01-21 19:41:16,244 DEBUG ['fc2', True]
2018-01-21 19:41:16,244 DEBUG ['predictions', True]
2018-01-21 19:43:40,770 INFO Start
2018-01-21 19:43:50,871 DEBUG Trainability of the layers:
2018-01-21 19:43:51,342 DEBUG ['input_1', False]
2018-01-21 19:43:51,342 DEBUG ['block1_conv1', False]
2018-01-21 19:43:51,343 DEBUG ['block1_conv2', False]
2018-01-21 19:43:51,343 DEBUG ['block1_pool', False]
2018-01-21 19:43:51,343 DEBUG ['block2_conv1', False]
2018-01-21 19:43:51,343 DEBUG ['block2_conv2', False]
2018-01-21 19:43:51,343 DEBUG ['block2_pool', False]
2018-01-21 19:43:51,343 DEBUG ['block3_conv1', False]
2018-01-21 19:43:51,343 DEBUG ['block3_conv2', False]
2018-01-21 19:43:51,343 DEBUG ['block3_conv3', False]
2018-01-21 19:43:51,343 DEBUG ['block3_pool', False]
2018-01-21 19:43:51,343 DEBUG ['block4_conv1', False]
2018-01-21 19:43:51,343 DEBUG ['block4_conv2', False]
2018-01-21 19:43:51,344 DEBUG ['block4_conv3', False]
2018-01-21 19:43:51,344 DEBUG ['pool', True]
2018-01-21 19:43:51,344 DEBUG ['flatten_1', True]
2018-01-21 19:43:51,344 DEBUG ['fc1', True]
2018-01-21 19:43:51,344 DEBUG ['fc2', True]
2018-01-21 19:43:51,344 DEBUG ['predictions', True]
2018-01-21 19:47:46,161 DEBUG ['input_1', True]
2018-01-21 19:47:46,162 DEBUG ['block1_conv1', True]
2018-01-21 19:47:46,162 DEBUG ['block1_conv2', True]
2018-01-21 19:47:46,162 DEBUG ['block1_pool', True]
2018-01-21 19:47:46,162 DEBUG ['block2_conv1', True]
2018-01-21 19:47:46,162 DEBUG ['block2_conv2', True]
2018-01-21 19:47:46,162 DEBUG ['block2_pool', True]
2018-01-21 19:47:46,162 DEBUG ['block3_conv1', True]
2018-01-21 19:47:46,162 DEBUG ['block3_conv2', True]
2018-01-21 19:47:46,163 DEBUG ['block3_conv3', True]
2018-01-21 19:47:46,163 DEBUG ['block3_pool', True]
2018-01-21 19:47:46,163 DEBUG ['block4_conv1', True]
2018-01-21 19:47:46,163 DEBUG ['block4_conv2', True]
2018-01-21 19:47:46,163 DEBUG ['block4_conv3', True]
2018-01-21 19:47:46,163 DEBUG ['pool', True]
2018-01-21 19:47:46,163 DEBUG ['flatten_1', True]
2018-01-21 19:47:46,163 DEBUG ['fc1', True]
2018-01-21 19:47:46,163 DEBUG ['fc2', True]
2018-01-21 19:47:46,163 DEBUG ['predictions', True]
2018-01-21 19:48:50,346 INFO Start
2018-01-21 19:49:01,011 DEBUG Trainability of the layers:
2018-01-21 19:49:01,509 DEBUG ['input_1', False]
2018-01-21 19:49:01,509 DEBUG ['block1_conv1', False]
2018-01-21 19:49:01,510 DEBUG ['block1_conv2', False]
2018-01-21 19:49:01,510 DEBUG ['block1_pool', False]
2018-01-21 19:49:01,510 DEBUG ['block2_conv1', False]
2018-01-21 19:49:01,510 DEBUG ['block2_conv2', False]
2018-01-21 19:49:01,510 DEBUG ['block2_pool', False]
2018-01-21 19:49:01,510 DEBUG ['block3_conv1', False]
2018-01-21 19:49:01,510 DEBUG ['block3_conv2', False]
2018-01-21 19:49:01,510 DEBUG ['block3_conv3', False]
2018-01-21 19:49:01,510 DEBUG ['block3_pool', False]
2018-01-21 19:49:01,511 DEBUG ['block4_conv1', False]
2018-01-21 19:49:01,511 DEBUG ['block4_conv2', False]
2018-01-21 19:49:01,511 DEBUG ['block4_conv3', False]
2018-01-21 19:49:01,511 DEBUG ['pool', True]
2018-01-21 19:49:01,511 DEBUG ['flatten_1', True]
2018-01-21 19:49:01,511 DEBUG ['fc1', True]
2018-01-21 19:49:01,511 DEBUG ['fc2', True]
2018-01-21 19:49:01,511 DEBUG ['predictions', True]
2018-01-21 19:52:44,521 DEBUG ['input_1', True]
2018-01-21 19:52:44,521 DEBUG ['block1_conv1', True]
2018-01-21 19:52:44,521 DEBUG ['block1_conv2', True]
2018-01-21 19:52:44,521 DEBUG ['block1_pool', True]
2018-01-21 19:52:44,521 DEBUG ['block2_conv1', True]
2018-01-21 19:52:44,522 DEBUG ['block2_conv2', True]
2018-01-21 19:52:44,522 DEBUG ['block2_pool', True]
2018-01-21 19:52:44,522 DEBUG ['block3_conv1', True]
2018-01-21 19:52:44,522 DEBUG ['block3_conv2', True]
2018-01-21 19:52:44,522 DEBUG ['block3_conv3', True]
2018-01-21 19:52:44,522 DEBUG ['block3_pool', True]
2018-01-21 19:52:44,522 DEBUG ['block4_conv1', True]
2018-01-21 19:52:44,522 DEBUG ['block4_conv2', True]
2018-01-21 19:52:44,522 DEBUG ['block4_conv3', True]
2018-01-21 19:52:44,522 DEBUG ['pool', True]
2018-01-21 19:52:44,522 DEBUG ['flatten_1', True]
2018-01-21 19:52:44,522 DEBUG ['fc1', True]
2018-01-21 19:52:44,523 DEBUG ['fc2', True]
2018-01-21 19:52:44,523 DEBUG ['predictions', True]
2018-01-21 20:00:17,753 INFO Start
2018-01-21 20:00:28,135 DEBUG Trainability of the layers:
2018-01-21 20:00:28,566 DEBUG ['input_1', False]
2018-01-21 20:00:28,567 DEBUG ['block1_conv1', False]
2018-01-21 20:00:28,567 DEBUG ['block1_conv2', False]
2018-01-21 20:00:28,567 DEBUG ['block1_pool', False]
2018-01-21 20:00:28,567 DEBUG ['block2_conv1', False]
2018-01-21 20:00:28,567 DEBUG ['block2_conv2', False]
2018-01-21 20:00:28,567 DEBUG ['block2_pool', False]
2018-01-21 20:00:28,567 DEBUG ['block3_conv1', False]
2018-01-21 20:00:28,567 DEBUG ['block3_conv2', False]
2018-01-21 20:00:28,568 DEBUG ['block3_conv3', False]
2018-01-21 20:00:28,568 DEBUG ['block3_pool', False]
2018-01-21 20:00:28,568 DEBUG ['block4_conv1', False]
2018-01-21 20:00:28,568 DEBUG ['block4_conv2', False]
2018-01-21 20:00:28,568 DEBUG ['block4_conv3', False]
2018-01-21 20:00:28,568 DEBUG ['pool', True]
2018-01-21 20:00:28,568 DEBUG ['flatten_1', True]
2018-01-21 20:00:28,568 DEBUG ['fc1', True]
2018-01-21 20:00:28,568 DEBUG ['fc2', True]
2018-01-21 20:00:28,568 DEBUG ['predictions', True]
2018-01-21 20:01:53,514 INFO Start
2018-01-21 20:02:04,055 DEBUG Trainability of the layers:
2018-01-21 20:02:04,542 DEBUG ['input_1', False]
2018-01-21 20:02:04,542 DEBUG ['block1_conv1', False]
2018-01-21 20:02:04,542 DEBUG ['block1_conv2', False]
2018-01-21 20:02:04,542 DEBUG ['block1_pool', False]
2018-01-21 20:02:04,543 DEBUG ['block2_conv1', False]
2018-01-21 20:02:04,543 DEBUG ['block2_conv2', False]
2018-01-21 20:02:04,543 DEBUG ['block2_pool', False]
2018-01-21 20:02:04,543 DEBUG ['block3_conv1', False]
2018-01-21 20:02:04,543 DEBUG ['block3_conv2', False]
2018-01-21 20:02:04,543 DEBUG ['block3_conv3', False]
2018-01-21 20:02:04,543 DEBUG ['block3_pool', False]
2018-01-21 20:02:04,543 DEBUG ['block4_conv1', False]
2018-01-21 20:02:04,543 DEBUG ['block4_conv2', False]
2018-01-21 20:02:04,543 DEBUG ['block4_conv3', False]
2018-01-21 20:02:04,543 DEBUG ['pool', True]
2018-01-21 20:02:04,544 DEBUG ['flatten_1', True]
2018-01-21 20:02:04,544 DEBUG ['fc1', True]
2018-01-21 20:02:04,544 DEBUG ['fc2', True]
2018-01-21 20:02:04,544 DEBUG ['predictions', True]
2018-01-21 20:02:39,779 INFO Start
2018-01-21 20:02:50,204 DEBUG Trainability of the layers:
2018-01-21 20:02:50,665 DEBUG ['input_1', False]
2018-01-21 20:02:50,665 DEBUG ['block1_conv1', False]
2018-01-21 20:02:50,666 DEBUG ['block1_conv2', False]
2018-01-21 20:02:50,666 DEBUG ['block1_pool', False]
2018-01-21 20:02:50,666 DEBUG ['block2_conv1', False]
2018-01-21 20:02:50,666 DEBUG ['block2_conv2', False]
2018-01-21 20:02:50,666 DEBUG ['block2_pool', False]
2018-01-21 20:02:50,666 DEBUG ['block3_conv1', False]
2018-01-21 20:02:50,666 DEBUG ['block3_conv2', False]
2018-01-21 20:02:50,666 DEBUG ['block3_conv3', False]
2018-01-21 20:02:50,667 DEBUG ['block3_pool', False]
2018-01-21 20:02:50,667 DEBUG ['block4_conv1', False]
2018-01-21 20:02:50,667 DEBUG ['block4_conv2', False]
2018-01-21 20:02:50,667 DEBUG ['block4_conv3', False]
2018-01-21 20:02:50,667 DEBUG ['pool', True]
2018-01-21 20:02:50,667 DEBUG ['flatten_1', True]
2018-01-21 20:02:50,667 DEBUG ['fc1', True]
2018-01-21 20:02:50,667 DEBUG ['fc2', True]
2018-01-21 20:02:50,667 DEBUG ['predictions', True]
2018-01-21 20:05:20,750 INFO Start
2018-01-21 20:05:29,905 DEBUG Trainability of the layers:
2018-01-21 20:05:30,324 DEBUG ['input_1', False]
2018-01-21 20:05:30,325 DEBUG ['block1_conv1', False]
2018-01-21 20:05:30,325 DEBUG ['block1_conv2', False]
2018-01-21 20:05:30,325 DEBUG ['block1_pool', False]
2018-01-21 20:05:30,325 DEBUG ['block2_conv1', False]
2018-01-21 20:05:30,325 DEBUG ['block2_conv2', False]
2018-01-21 20:05:30,325 DEBUG ['block2_pool', False]
2018-01-21 20:05:30,325 DEBUG ['block3_conv1', False]
2018-01-21 20:05:30,325 DEBUG ['block3_conv2', False]
2018-01-21 20:05:30,325 DEBUG ['block3_conv3', False]
2018-01-21 20:05:30,326 DEBUG ['block3_pool', False]
2018-01-21 20:05:30,326 DEBUG ['block4_conv1', False]
2018-01-21 20:05:30,326 DEBUG ['block4_conv2', False]
2018-01-21 20:05:30,326 DEBUG ['block4_conv3', False]
2018-01-21 20:05:30,326 DEBUG ['pool', True]
2018-01-21 20:05:30,326 DEBUG ['flatten_1', True]
2018-01-21 20:05:30,326 DEBUG ['fc1', True]
2018-01-21 20:05:30,326 DEBUG ['fc2', True]
2018-01-21 20:05:30,326 DEBUG ['predictions', True]
2018-01-21 20:08:58,032 INFO Start
2018-01-21 20:09:11,739 DEBUG Trainability of the layers:
2018-01-21 20:09:12,182 DEBUG ['input_1', False]
2018-01-21 20:09:12,183 DEBUG ['block1_conv1', False]
2018-01-21 20:09:12,183 DEBUG ['block1_conv2', False]
2018-01-21 20:09:12,183 DEBUG ['block1_pool', False]
2018-01-21 20:09:12,183 DEBUG ['block2_conv1', False]
2018-01-21 20:09:12,183 DEBUG ['block2_conv2', False]
2018-01-21 20:09:12,183 DEBUG ['block2_pool', False]
2018-01-21 20:09:12,183 DEBUG ['block3_conv1', False]
2018-01-21 20:09:12,183 DEBUG ['block3_conv2', False]
2018-01-21 20:09:12,183 DEBUG ['block3_conv3', False]
2018-01-21 20:09:12,184 DEBUG ['block3_pool', False]
2018-01-21 20:09:12,184 DEBUG ['block4_conv1', False]
2018-01-21 20:09:12,184 DEBUG ['block4_conv2', False]
2018-01-21 20:09:12,184 DEBUG ['block4_conv3', False]
2018-01-21 20:09:12,184 DEBUG ['pool', True]
2018-01-21 20:09:12,184 DEBUG ['flatten_1', True]
2018-01-21 20:09:12,184 DEBUG ['fc1', True]
2018-01-21 20:09:12,184 DEBUG ['fc2', True]
2018-01-21 20:09:12,184 DEBUG ['predictions', True]
2018-01-21 20:12:53,224 DEBUG ['input_1', True]
2018-01-21 20:12:53,224 DEBUG ['block1_conv1', True]
2018-01-21 20:12:53,225 DEBUG ['block1_conv2', True]
2018-01-21 20:12:53,225 DEBUG ['block1_pool', True]
2018-01-21 20:12:53,225 DEBUG ['block2_conv1', True]
2018-01-21 20:12:53,225 DEBUG ['block2_conv2', True]
2018-01-21 20:12:53,225 DEBUG ['block2_pool', True]
2018-01-21 20:12:53,225 DEBUG ['block3_conv1', True]
2018-01-21 20:12:53,225 DEBUG ['block3_conv2', True]
2018-01-21 20:12:53,225 DEBUG ['block3_conv3', True]
2018-01-21 20:12:53,225 DEBUG ['block3_pool', True]
2018-01-21 20:12:53,225 DEBUG ['block4_conv1', True]
2018-01-21 20:12:53,225 DEBUG ['block4_conv2', True]
2018-01-21 20:12:53,225 DEBUG ['block4_conv3', True]
2018-01-21 20:12:53,225 DEBUG ['pool', True]
2018-01-21 20:12:53,226 DEBUG ['flatten_1', True]
2018-01-21 20:12:53,226 DEBUG ['fc1', True]
2018-01-21 20:12:53,226 DEBUG ['fc2', True]
2018-01-21 20:12:53,226 DEBUG ['predictions', True]
2018-01-21 20:17:23,035 INFO [Training] Done in 486.600296021 secs.

2018-01-21 20:22:59,867 INFO [Evaluation] Done in 336.831815958 secs.

2018-01-21 20:23:09,634 INFO Evaluator 
Acc (model)
Accuracy: 0.133658030261 
Precision: 0.133828996283 
Recall: 0.0167286245353 
Fscore: 0.125

2018-01-21 20:23:09,640 INFO Confusion matrix:

2018-01-21 20:23:09,640 INFO [[  0   0   0   0   0   0   0 118]
 [  0   0   0   0   0   0   0 116]
 [  0   0   0   0   0   0   0 101]
 [  0   0   0   0   0   0   0  76]
 [  0   0   0   0   0   0   0  94]
 [  0   0   0   0   0   0   0 114]
 [  0   0   0   0   0   0   0  80]
 [  0   0   0   0   0   0   0 108]]
2018-01-21 20:23:09,641 INFO Final accuracy: 0.133828996283

2018-01-21 20:23:09,641 INFO Done in 346.606513977 secs.

2018-01-21 20:24:38,473 INFO Start
2018-01-21 20:24:48,762 DEBUG Trainability of the layers:
2018-01-21 20:24:49,206 DEBUG ['input_1', False]
2018-01-21 20:24:49,206 DEBUG ['block1_conv1', False]
2018-01-21 20:24:49,206 DEBUG ['block1_conv2', False]
2018-01-21 20:24:49,206 DEBUG ['block1_pool', False]
2018-01-21 20:24:49,207 DEBUG ['block2_conv1', False]
2018-01-21 20:24:49,207 DEBUG ['block2_conv2', False]
2018-01-21 20:24:49,207 DEBUG ['block2_pool', False]
2018-01-21 20:24:49,207 DEBUG ['block3_conv1', False]
2018-01-21 20:24:49,207 DEBUG ['block3_conv2', False]
2018-01-21 20:24:49,207 DEBUG ['block3_conv3', False]
2018-01-21 20:24:49,207 DEBUG ['block3_pool', False]
2018-01-21 20:24:49,207 DEBUG ['block4_conv1', False]
2018-01-21 20:24:49,207 DEBUG ['block4_conv2', False]
2018-01-21 20:24:49,207 DEBUG ['block4_conv3', False]
2018-01-21 20:24:49,207 DEBUG ['pool', True]
2018-01-21 20:24:49,207 DEBUG ['flatten_1', True]
2018-01-21 20:24:49,207 DEBUG ['fc1', True]
2018-01-21 20:24:49,207 DEBUG ['fc2', True]
2018-01-21 20:24:49,208 DEBUG ['predictions', True]
2018-01-21 20:29:52,314 INFO Start
2018-01-21 20:30:04,310 DEBUG Trainability of the layers:
2018-01-21 20:30:04,768 DEBUG ['input_1', False]
2018-01-21 20:30:04,768 DEBUG ['block1_conv1', False]
2018-01-21 20:30:04,768 DEBUG ['block1_conv2', False]
2018-01-21 20:30:04,768 DEBUG ['block1_pool', False]
2018-01-21 20:30:04,768 DEBUG ['block2_conv1', False]
2018-01-21 20:30:04,768 DEBUG ['block2_conv2', False]
2018-01-21 20:30:04,768 DEBUG ['block2_pool', False]
2018-01-21 20:30:04,769 DEBUG ['block3_conv1', False]
2018-01-21 20:30:04,769 DEBUG ['block3_conv2', False]
2018-01-21 20:30:04,769 DEBUG ['block3_conv3', False]
2018-01-21 20:30:04,769 DEBUG ['block3_pool', False]
2018-01-21 20:30:04,769 DEBUG ['block4_conv1', False]
2018-01-21 20:30:04,769 DEBUG ['block4_conv2', False]
2018-01-21 20:30:04,769 DEBUG ['block4_conv3', False]
2018-01-21 20:30:04,769 DEBUG ['pool', True]
2018-01-21 20:30:04,769 DEBUG ['flatten_1', True]
2018-01-21 20:30:04,769 DEBUG ['fc1', True]
2018-01-21 20:30:04,769 DEBUG ['fc2', True]
2018-01-21 20:30:04,769 DEBUG ['predictions', True]
2018-01-21 20:33:52,973 DEBUG ['input_1', True]
2018-01-21 20:33:52,973 DEBUG ['block1_conv1', True]
2018-01-21 20:33:52,973 DEBUG ['block1_conv2', True]
2018-01-21 20:33:52,974 DEBUG ['block1_pool', True]
2018-01-21 20:33:52,974 DEBUG ['block2_conv1', True]
2018-01-21 20:33:52,974 DEBUG ['block2_conv2', True]
2018-01-21 20:33:52,974 DEBUG ['block2_pool', True]
2018-01-21 20:33:52,974 DEBUG ['block3_conv1', True]
2018-01-21 20:33:52,974 DEBUG ['block3_conv2', True]
2018-01-21 20:33:52,974 DEBUG ['block3_conv3', True]
2018-01-21 20:33:52,974 DEBUG ['block3_pool', True]
2018-01-21 20:33:52,974 DEBUG ['block4_conv1', True]
2018-01-21 20:33:52,974 DEBUG ['block4_conv2', True]
2018-01-21 20:33:52,974 DEBUG ['block4_conv3', True]
2018-01-21 20:33:52,975 DEBUG ['pool', True]
2018-01-21 20:33:52,975 DEBUG ['flatten_1', True]
2018-01-21 20:33:52,975 DEBUG ['fc1', True]
2018-01-21 20:33:52,975 DEBUG ['fc2', True]
2018-01-21 20:33:52,975 DEBUG ['predictions', True]
2018-01-21 20:36:53,827 INFO Start
2018-01-21 20:37:04,498 DEBUG Trainability of the layers:
2018-01-21 20:37:05,008 DEBUG ['input_1', False]
2018-01-21 20:37:05,008 DEBUG ['block1_conv1', False]
2018-01-21 20:37:05,009 DEBUG ['block1_conv2', False]
2018-01-21 20:37:05,009 DEBUG ['block1_pool', False]
2018-01-21 20:37:05,009 DEBUG ['block2_conv1', False]
2018-01-21 20:37:05,009 DEBUG ['block2_conv2', False]
2018-01-21 20:37:05,009 DEBUG ['block2_pool', False]
2018-01-21 20:37:05,009 DEBUG ['block3_conv1', False]
2018-01-21 20:37:05,009 DEBUG ['block3_conv2', False]
2018-01-21 20:37:05,009 DEBUG ['block3_conv3', False]
2018-01-21 20:37:05,009 DEBUG ['block3_pool', False]
2018-01-21 20:37:05,009 DEBUG ['block4_conv1', False]
2018-01-21 20:37:05,010 DEBUG ['block4_conv2', False]
2018-01-21 20:37:05,010 DEBUG ['block4_conv3', False]
2018-01-21 20:37:05,010 DEBUG ['pool', True]
2018-01-21 20:37:05,010 DEBUG ['flatten_1', True]
2018-01-21 20:37:05,010 DEBUG ['fc1', True]
2018-01-21 20:37:05,010 DEBUG ['fc2', True]
2018-01-21 20:37:05,010 DEBUG ['predictions', True]
2018-01-21 20:40:38,451 DEBUG ['input_1', True]
2018-01-21 20:40:38,452 DEBUG ['block1_conv1', True]
2018-01-21 20:40:38,452 DEBUG ['block1_conv2', True]
2018-01-21 20:40:38,452 DEBUG ['block1_pool', True]
2018-01-21 20:40:38,452 DEBUG ['block2_conv1', True]
2018-01-21 20:40:38,452 DEBUG ['block2_conv2', True]
2018-01-21 20:40:38,452 DEBUG ['block2_pool', True]
2018-01-21 20:40:38,452 DEBUG ['block3_conv1', True]
2018-01-21 20:40:38,453 DEBUG ['block3_conv2', True]
2018-01-21 20:40:38,453 DEBUG ['block3_conv3', True]
2018-01-21 20:40:38,453 DEBUG ['block3_pool', True]
2018-01-21 20:40:38,453 DEBUG ['block4_conv1', True]
2018-01-21 20:40:38,453 DEBUG ['block4_conv2', True]
2018-01-21 20:40:38,453 DEBUG ['block4_conv3', True]
2018-01-21 20:40:38,453 DEBUG ['pool', True]
2018-01-21 20:40:38,453 DEBUG ['flatten_1', True]
2018-01-21 20:40:38,453 DEBUG ['fc1', True]
2018-01-21 20:40:38,453 DEBUG ['fc2', True]
2018-01-21 20:40:38,453 DEBUG ['predictions', True]
2018-01-21 20:42:09,107 INFO Start
2018-01-21 20:48:44,005 INFO Start
2018-01-21 20:48:59,787 DEBUG Trainability of the layers:
2018-01-21 20:49:00,217 DEBUG ['input_1', False]
2018-01-21 20:49:00,217 DEBUG ['block1_conv1', False]
2018-01-21 20:49:00,217 DEBUG ['block1_conv2', False]
2018-01-21 20:49:00,217 DEBUG ['block1_pool', False]
2018-01-21 20:49:00,218 DEBUG ['block2_conv1', False]
2018-01-21 20:49:00,218 DEBUG ['block2_conv2', False]
2018-01-21 20:49:00,218 DEBUG ['block2_pool', False]
2018-01-21 20:49:00,218 DEBUG ['block3_conv1', False]
2018-01-21 20:49:00,218 DEBUG ['block3_conv2', False]
2018-01-21 20:49:00,218 DEBUG ['block3_conv3', False]
2018-01-21 20:49:00,218 DEBUG ['block3_pool', False]
2018-01-21 20:49:00,218 DEBUG ['block4_conv1', False]
2018-01-21 20:49:00,218 DEBUG ['block4_conv2', False]
2018-01-21 20:49:00,218 DEBUG ['block4_conv3', False]
2018-01-21 20:49:00,218 DEBUG ['pool', True]
2018-01-21 20:49:00,218 DEBUG ['flatten_1', True]
2018-01-21 20:49:00,219 DEBUG ['fc1', True]
2018-01-21 20:49:00,219 DEBUG ['fc2', True]
2018-01-21 20:49:00,219 DEBUG ['predictions', True]
2018-01-21 20:52:40,022 DEBUG ['input_1', True]
2018-01-21 20:52:40,022 DEBUG ['block1_conv1', True]
2018-01-21 20:52:40,022 DEBUG ['block1_conv2', True]
2018-01-21 20:52:40,022 DEBUG ['block1_pool', True]
2018-01-21 20:52:40,022 DEBUG ['block2_conv1', True]
2018-01-21 20:52:40,023 DEBUG ['block2_conv2', True]
2018-01-21 20:52:40,023 DEBUG ['block2_pool', True]
2018-01-21 20:52:40,023 DEBUG ['block3_conv1', True]
2018-01-21 20:52:40,023 DEBUG ['block3_conv2', True]
2018-01-21 20:52:40,023 DEBUG ['block3_conv3', True]
2018-01-21 20:52:40,023 DEBUG ['block3_pool', True]
2018-01-21 20:52:40,023 DEBUG ['block4_conv1', True]
2018-01-21 20:52:40,023 DEBUG ['block4_conv2', True]
2018-01-21 20:52:40,023 DEBUG ['block4_conv3', True]
2018-01-21 20:52:40,024 DEBUG ['pool', True]
2018-01-21 20:52:40,024 DEBUG ['flatten_1', True]
2018-01-21 20:52:40,024 DEBUG ['fc1', True]
2018-01-21 20:52:40,024 DEBUG ['fc2', True]
2018-01-21 20:52:40,024 DEBUG ['predictions', True]
2018-01-21 20:56:59,751 INFO [Training] Done in 475.870878935 secs.

2018-01-21 21:01:46,071 INFO [Evaluation] Done in 286.319462061 secs.

2018-01-21 21:01:54,775 INFO Evaluator 
Acc (model)
Accuracy: 0.630723781595 
Precision: 0.628252788104 
Recall: 0.725912896501 
Fscore: 0.636266904144

2018-01-21 21:01:54,781 INFO Confusion matrix:

2018-01-21 21:01:54,782 INFO [[ 27  11  14   3   0  58   4   1]
 [  4  64   1  12   0  35   0   0]
 [  0   0  87   0   0  13   1   0]
 [  0   5   0  44   0  20   6   1]
 [  0   1   0   0  48   2  35   8]
 [  0   2   6   0   0 102   4   0]
 [  0   0   2   0   3   7  66   2]
 [  0   0   1   1   1   7  29  69]]
2018-01-21 21:01:54,783 INFO Final accuracy: 0.628252788104

2018-01-21 21:01:54,783 INFO Done in 295.031706095 secs.

2018-01-21 21:13:27,217 INFO Start
2018-01-21 21:13:32,782 DEBUG Trainability of the layers:
2018-01-21 21:13:33,222 DEBUG ['input_1', False]
2018-01-21 21:13:33,223 DEBUG ['block1_conv1', False]
2018-01-21 21:13:33,223 DEBUG ['block1_conv2', False]
2018-01-21 21:13:33,223 DEBUG ['block1_pool', False]
2018-01-21 21:13:33,223 DEBUG ['block2_conv1', False]
2018-01-21 21:13:33,223 DEBUG ['block2_conv2', False]
2018-01-21 21:13:33,223 DEBUG ['block2_pool', False]
2018-01-21 21:13:33,223 DEBUG ['block3_conv1', False]
2018-01-21 21:13:33,223 DEBUG ['block3_conv2', False]
2018-01-21 21:13:33,224 DEBUG ['block3_conv3', False]
2018-01-21 21:13:33,224 DEBUG ['block3_pool', False]
2018-01-21 21:13:33,224 DEBUG ['block4_conv1', False]
2018-01-21 21:13:33,224 DEBUG ['block4_conv2', False]
2018-01-21 21:13:33,224 DEBUG ['block4_conv3', False]
2018-01-21 21:13:33,224 DEBUG ['pool', True]
2018-01-21 21:13:33,224 DEBUG ['flatten_1', True]
2018-01-21 21:13:33,224 DEBUG ['fc1', True]
2018-01-21 21:13:33,224 DEBUG ['fc2', True]
2018-01-21 21:13:33,225 DEBUG ['predictions', True]
2018-01-21 21:17:27,242 DEBUG ['input_1', True]
2018-01-21 21:17:27,243 DEBUG ['block1_conv1', True]
2018-01-21 21:17:27,243 DEBUG ['block1_conv2', True]
2018-01-21 21:17:27,243 DEBUG ['block1_pool', True]
2018-01-21 21:17:27,244 DEBUG ['block2_conv1', True]
2018-01-21 21:17:27,244 DEBUG ['block2_conv2', True]
2018-01-21 21:17:27,244 DEBUG ['block2_pool', True]
2018-01-21 21:17:27,244 DEBUG ['block3_conv1', True]
2018-01-21 21:17:27,244 DEBUG ['block3_conv2', True]
2018-01-21 21:17:27,244 DEBUG ['block3_conv3', True]
2018-01-21 21:17:27,244 DEBUG ['block3_pool', True]
2018-01-21 21:17:27,244 DEBUG ['block4_conv1', True]
2018-01-21 21:17:27,244 DEBUG ['block4_conv2', True]
2018-01-21 21:17:27,245 DEBUG ['block4_conv3', True]
2018-01-21 21:17:27,245 DEBUG ['pool', True]
2018-01-21 21:17:27,245 DEBUG ['flatten_1', True]
2018-01-21 21:17:27,245 DEBUG ['fc1', True]
2018-01-21 21:17:27,245 DEBUG ['fc2', True]
2018-01-21 21:17:27,245 DEBUG ['predictions', True]
2018-01-21 21:22:08,953 INFO [Training] Done in 512.513710976 secs.

2018-01-21 21:22:18,685 INFO [Evaluation] Done in 9.73166298866 secs.

2018-01-21 21:22:32,748 INFO Evaluator 
Acc (model)
Accuracy: 0.760416666667 
Precision: 0.734820322181 
Recall: 0.74589896621 
Fscore: 0.740881430084

2018-01-21 21:22:32,754 INFO Confusion matrix:

2018-01-21 21:22:32,754 INFO [[87  5 19  2  0  1  3  1]
 [30 65  2 11  0  7  0  1]
 [ 3  0 97  0  0  1  0  0]
 [ 1 15  2 52  0  1  3  2]
 [ 0  1  1  1 75  1  9  6]
 [23  7 13  2  0 61  2  6]
 [ 0  0  0  0 10  4 64  2]
 [ 1  0  3  0  6  2  4 92]]
2018-01-21 21:22:32,756 INFO Final accuracy: 0.734820322181

2018-01-21 21:22:32,756 INFO Done in 23.8026149273 secs.

2018-01-21 21:26:40,200 INFO Start
2018-01-21 21:26:45,350 DEBUG Trainability of the layers:
2018-01-21 21:26:45,875 DEBUG ['input_1', False]
2018-01-21 21:26:45,875 DEBUG ['block1_conv1', False]
2018-01-21 21:26:45,875 DEBUG ['block1_conv2', False]
2018-01-21 21:26:45,875 DEBUG ['block1_pool', False]
2018-01-21 21:26:45,876 DEBUG ['block2_conv1', False]
2018-01-21 21:26:45,876 DEBUG ['block2_conv2', False]
2018-01-21 21:26:45,876 DEBUG ['block2_pool', False]
2018-01-21 21:26:45,876 DEBUG ['block3_conv1', False]
2018-01-21 21:26:45,876 DEBUG ['block3_conv2', False]
2018-01-21 21:26:45,876 DEBUG ['block3_conv3', False]
2018-01-21 21:26:45,876 DEBUG ['block3_pool', False]
2018-01-21 21:26:45,877 DEBUG ['block4_conv1', False]
2018-01-21 21:26:45,877 DEBUG ['block4_conv2', False]
2018-01-21 21:26:45,877 DEBUG ['block4_conv3', False]
2018-01-21 21:26:45,877 DEBUG ['pool', True]
2018-01-21 21:26:45,877 DEBUG ['flatten_1', True]
2018-01-21 21:26:45,877 DEBUG ['fc1', True]
2018-01-21 21:26:45,877 DEBUG ['fc2', True]
2018-01-21 21:26:45,878 DEBUG ['predictions', True]
2018-01-21 21:30:35,447 DEBUG ['input_1', True]
2018-01-21 21:30:35,447 DEBUG ['block1_conv1', True]
2018-01-21 21:30:35,448 DEBUG ['block1_conv2', True]
2018-01-21 21:30:35,448 DEBUG ['block1_pool', True]
2018-01-21 21:30:35,448 DEBUG ['block2_conv1', True]
2018-01-21 21:30:35,448 DEBUG ['block2_conv2', True]
2018-01-21 21:30:35,448 DEBUG ['block2_pool', True]
2018-01-21 21:30:35,448 DEBUG ['block3_conv1', True]
2018-01-21 21:30:35,448 DEBUG ['block3_conv2', True]
2018-01-21 21:30:35,449 DEBUG ['block3_conv3', True]
2018-01-21 21:30:35,449 DEBUG ['block3_pool', True]
2018-01-21 21:30:35,449 DEBUG ['block4_conv1', True]
2018-01-21 21:30:35,449 DEBUG ['block4_conv2', True]
2018-01-21 21:30:35,449 DEBUG ['block4_conv3', True]
2018-01-21 21:30:35,449 DEBUG ['pool', True]
2018-01-21 21:30:35,449 DEBUG ['flatten_1', True]
2018-01-21 21:30:35,449 DEBUG ['fc1', True]
2018-01-21 21:30:35,449 DEBUG ['fc2', True]
2018-01-21 21:30:35,450 DEBUG ['predictions', True]
2018-01-21 21:35:16,773 INFO [Training] Done in 507.815326929 secs.

2018-01-21 21:35:26,112 INFO [Evaluation] Done in 9.3381459713 secs.

2018-01-21 21:35:39,895 INFO Evaluator 
Acc (model)
Accuracy: 0.674479166667 
Precision: 0.639405204461 
Recall: 0.716012175503 
Fscore: 0.642627233239

2018-01-21 21:35:39,899 INFO Confusion matrix:

2018-01-21 21:35:39,899 INFO [[ 74   1  37   0   0   3   2   1]
 [ 73  36   2   3   0   1   0   1]
 [  0   0 101   0   0   0   0   0]
 [ 20   7   4  33   2   4   5   1]
 [  1   0   3   0  77   0   6   7]
 [ 27   4  26   0   0  49   4   4]
 [  1   0   4   1  14   2  52   6]
 [  2   0   4   0   2   1   5  94]]
2018-01-21 21:35:39,900 INFO Final accuracy: 0.639405204461

2018-01-21 21:35:39,900 INFO Done in 23.1264050007 secs.

2018-01-21 21:35:39,900 INFO Everything done in 539.700047016 secs.

2018-01-21 21:35:39,900 INFO End
2018-01-21 21:37:56,298 INFO Start
2018-01-21 21:38:01,642 DEBUG Trainability of the layers:
2018-01-21 21:38:02,140 DEBUG ['input_1', False]
2018-01-21 21:38:02,140 DEBUG ['block1_conv1', False]
2018-01-21 21:38:02,140 DEBUG ['block1_conv2', False]
2018-01-21 21:38:02,141 DEBUG ['block1_pool', False]
2018-01-21 21:38:02,141 DEBUG ['block2_conv1', False]
2018-01-21 21:38:02,141 DEBUG ['block2_conv2', False]
2018-01-21 21:38:02,141 DEBUG ['block2_pool', False]
2018-01-21 21:38:02,141 DEBUG ['block3_conv1', False]
2018-01-21 21:38:02,141 DEBUG ['block3_conv2', False]
2018-01-21 21:38:02,141 DEBUG ['block3_conv3', False]
2018-01-21 21:38:02,142 DEBUG ['block3_pool', False]
2018-01-21 21:38:02,142 DEBUG ['block4_conv1', False]
2018-01-21 21:38:02,142 DEBUG ['block4_conv2', False]
2018-01-21 21:38:02,142 DEBUG ['block4_conv3', False]
2018-01-21 21:38:02,142 DEBUG ['pool', True]
2018-01-21 21:38:02,142 DEBUG ['flatten_1', True]
2018-01-21 21:38:02,142 DEBUG ['fc1', True]
2018-01-21 21:38:02,142 DEBUG ['dropout_1', True]
2018-01-21 21:38:02,142 DEBUG ['fc2', True]
2018-01-21 21:38:02,143 DEBUG ['dropout_2', True]
2018-01-21 21:38:02,143 DEBUG ['predictions', True]
2018-01-21 21:41:45,193 DEBUG ['input_1', True]
2018-01-21 21:41:45,193 DEBUG ['block1_conv1', True]
2018-01-21 21:41:45,193 DEBUG ['block1_conv2', True]
2018-01-21 21:41:45,193 DEBUG ['block1_pool', True]
2018-01-21 21:41:45,194 DEBUG ['block2_conv1', True]
2018-01-21 21:41:45,194 DEBUG ['block2_conv2', True]
2018-01-21 21:41:45,194 DEBUG ['block2_pool', True]
2018-01-21 21:41:45,194 DEBUG ['block3_conv1', True]
2018-01-21 21:41:45,194 DEBUG ['block3_conv2', True]
2018-01-21 21:41:45,194 DEBUG ['block3_conv3', True]
2018-01-21 21:41:45,194 DEBUG ['block3_pool', True]
2018-01-21 21:41:45,194 DEBUG ['block4_conv1', True]
2018-01-21 21:41:45,195 DEBUG ['block4_conv2', True]
2018-01-21 21:41:45,195 DEBUG ['block4_conv3', True]
2018-01-21 21:41:45,195 DEBUG ['pool', True]
2018-01-21 21:41:45,195 DEBUG ['flatten_1', True]
2018-01-21 21:41:45,195 DEBUG ['fc1', True]
2018-01-21 21:41:45,195 DEBUG ['dropout_1', True]
2018-01-21 21:41:45,195 DEBUG ['fc2', True]
2018-01-21 21:41:45,195 DEBUG ['dropout_2', True]
2018-01-21 21:41:45,196 DEBUG ['predictions', True]
2018-01-21 21:46:15,527 INFO [Training] Done in 489.735360861 secs.

2018-01-21 21:46:24,253 INFO [Evaluation] Done in 8.72567796707 secs.

2018-01-21 21:46:37,856 INFO Evaluator 
Acc (model)
Accuracy: 0.489583333333 
Precision: 0.46468401487 
Recall: 0.403168292655 
Fscore: 0.461385294932

2018-01-21 21:46:37,862 INFO Confusion matrix:

2018-01-21 21:46:37,862 INFO [[17 46 23  0  0  7  9 16]
 [11 91  3  0  1  3  5  2]
 [ 0  1 71  0  0  0 15 14]
 [ 6 37  1  0  3  1 20  8]
 [ 1  0  0  0 46  1 15 31]
 [12 20 24  0  1  7 24 26]
 [ 0  0  0  0 13  0 57 10]
 [ 2  0  3  0  5  0 12 86]]
2018-01-21 21:46:37,864 INFO Final accuracy: 0.46468401487

2018-01-21 21:46:37,864 INFO Done in 22.3368480206 secs.

2018-01-21 21:46:37,864 INFO Everything done in 521.566040993 secs.

2018-01-21 21:46:37,864 INFO End
2018-01-21 21:49:06,460 INFO Start
2018-01-21 21:49:11,989 DEBUG Trainability of the layers:
2018-01-21 21:49:12,523 DEBUG ['input_1', False]
2018-01-21 21:49:12,524 DEBUG ['block1_conv1', False]
2018-01-21 21:49:12,524 DEBUG ['block1_conv2', False]
2018-01-21 21:49:12,524 DEBUG ['block1_pool', False]
2018-01-21 21:49:12,524 DEBUG ['block2_conv1', False]
2018-01-21 21:49:12,524 DEBUG ['block2_conv2', False]
2018-01-21 21:49:12,524 DEBUG ['block2_pool', False]
2018-01-21 21:49:12,524 DEBUG ['block3_conv1', False]
2018-01-21 21:49:12,524 DEBUG ['block3_conv2', False]
2018-01-21 21:49:12,525 DEBUG ['block3_conv3', False]
2018-01-21 21:49:12,525 DEBUG ['block3_pool', False]
2018-01-21 21:49:12,525 DEBUG ['block4_conv1', False]
2018-01-21 21:49:12,525 DEBUG ['block4_conv2', False]
2018-01-21 21:49:12,525 DEBUG ['block4_conv3', False]
2018-01-21 21:49:12,525 DEBUG ['pool', True]
2018-01-21 21:49:12,525 DEBUG ['flatten_1', True]
2018-01-21 21:49:12,525 DEBUG ['fc1', True]
2018-01-21 21:49:12,525 DEBUG ['dropout_1', True]
2018-01-21 21:49:12,525 DEBUG ['fc2', True]
2018-01-21 21:49:12,526 DEBUG ['dropout_2', True]
2018-01-21 21:49:12,526 DEBUG ['predictions', True]
2018-01-21 21:50:44,949 DEBUG ['input_1', True]
2018-01-21 21:50:44,949 DEBUG ['block1_conv1', True]
2018-01-21 21:50:44,949 DEBUG ['block1_conv2', True]
2018-01-21 21:50:44,949 DEBUG ['block1_pool', True]
2018-01-21 21:50:44,949 DEBUG ['block2_conv1', True]
2018-01-21 21:50:44,949 DEBUG ['block2_conv2', True]
2018-01-21 21:50:44,950 DEBUG ['block2_pool', True]
2018-01-21 21:50:44,950 DEBUG ['block3_conv1', True]
2018-01-21 21:50:44,950 DEBUG ['block3_conv2', True]
2018-01-21 21:50:44,950 DEBUG ['block3_conv3', True]
2018-01-21 21:50:44,950 DEBUG ['block3_pool', True]
2018-01-21 21:50:44,950 DEBUG ['block4_conv1', True]
2018-01-21 21:50:44,950 DEBUG ['block4_conv2', True]
2018-01-21 21:50:44,950 DEBUG ['block4_conv3', True]
2018-01-21 21:50:44,950 DEBUG ['pool', True]
2018-01-21 21:50:44,950 DEBUG ['flatten_1', True]
2018-01-21 21:50:44,951 DEBUG ['fc1', True]
2018-01-21 21:50:44,951 DEBUG ['dropout_1', True]
2018-01-21 21:50:44,951 DEBUG ['fc2', True]
2018-01-21 21:50:44,951 DEBUG ['dropout_2', True]
2018-01-21 21:50:44,951 DEBUG ['predictions', True]
2018-01-21 21:51:57,286 INFO Start
2018-01-21 21:52:02,813 DEBUG Trainability of the layers:
2018-01-21 21:52:03,361 DEBUG ['input_1', False]
2018-01-21 21:52:03,361 DEBUG ['block1_conv1', False]
2018-01-21 21:52:03,361 DEBUG ['block1_conv2', False]
2018-01-21 21:52:03,361 DEBUG ['block1_pool', False]
2018-01-21 21:52:03,361 DEBUG ['block2_conv1', False]
2018-01-21 21:52:03,361 DEBUG ['block2_conv2', False]
2018-01-21 21:52:03,362 DEBUG ['block2_pool', False]
2018-01-21 21:52:03,362 DEBUG ['block3_conv1', False]
2018-01-21 21:52:03,362 DEBUG ['block3_conv2', False]
2018-01-21 21:52:03,362 DEBUG ['block3_conv3', False]
2018-01-21 21:52:03,362 DEBUG ['block3_pool', False]
2018-01-21 21:52:03,362 DEBUG ['block4_conv1', False]
2018-01-21 21:52:03,362 DEBUG ['block4_conv2', False]
2018-01-21 21:52:03,362 DEBUG ['block4_conv3', False]
2018-01-21 21:52:03,362 DEBUG ['pool', True]
2018-01-21 21:52:03,363 DEBUG ['flatten_1', True]
2018-01-21 21:52:03,363 DEBUG ['fc1', True]
2018-01-21 21:52:03,363 DEBUG ['fc2', True]
2018-01-21 21:52:03,363 DEBUG ['predictions', True]
2018-01-21 21:53:35,472 DEBUG ['input_1', True]
2018-01-21 21:53:35,473 DEBUG ['block1_conv1', True]
2018-01-21 21:53:35,473 DEBUG ['block1_conv2', True]
2018-01-21 21:53:35,473 DEBUG ['block1_pool', True]
2018-01-21 21:53:35,473 DEBUG ['block2_conv1', True]
2018-01-21 21:53:35,473 DEBUG ['block2_conv2', True]
2018-01-21 21:53:35,473 DEBUG ['block2_pool', True]
2018-01-21 21:53:35,473 DEBUG ['block3_conv1', True]
2018-01-21 21:53:35,474 DEBUG ['block3_conv2', True]
2018-01-21 21:53:35,474 DEBUG ['block3_conv3', True]
2018-01-21 21:53:35,474 DEBUG ['block3_pool', True]
2018-01-21 21:53:35,474 DEBUG ['block4_conv1', True]
2018-01-21 21:53:35,474 DEBUG ['block4_conv2', True]
2018-01-21 21:53:35,474 DEBUG ['block4_conv3', True]
2018-01-21 21:53:35,474 DEBUG ['pool', True]
2018-01-21 21:53:35,474 DEBUG ['flatten_1', True]
2018-01-21 21:53:35,474 DEBUG ['fc1', True]
2018-01-21 21:53:35,475 DEBUG ['fc2', True]
2018-01-21 21:53:35,475 DEBUG ['predictions', True]
2018-01-21 21:54:45,035 INFO Start
2018-01-21 21:54:50,464 DEBUG Trainability of the layers:
2018-01-21 21:54:50,975 DEBUG ['input_1', False]
2018-01-21 21:54:50,976 DEBUG ['block1_conv1', False]
2018-01-21 21:54:50,976 DEBUG ['block1_conv2', False]
2018-01-21 21:54:50,976 DEBUG ['block1_pool', False]
2018-01-21 21:54:50,976 DEBUG ['block2_conv1', False]
2018-01-21 21:54:50,976 DEBUG ['block2_conv2', False]
2018-01-21 21:54:50,976 DEBUG ['block2_pool', False]
2018-01-21 21:54:50,976 DEBUG ['block3_conv1', False]
2018-01-21 21:54:50,976 DEBUG ['block3_conv2', False]
2018-01-21 21:54:50,976 DEBUG ['block3_conv3', False]
2018-01-21 21:54:50,976 DEBUG ['block3_pool', False]
2018-01-21 21:54:50,977 DEBUG ['block4_conv1', False]
2018-01-21 21:54:50,977 DEBUG ['block4_conv2', False]
2018-01-21 21:54:50,977 DEBUG ['block4_conv3', False]
2018-01-21 21:54:50,977 DEBUG ['pool', True]
2018-01-21 21:54:50,977 DEBUG ['flatten_1', True]
2018-01-21 21:54:50,977 DEBUG ['fc1', True]
2018-01-21 21:54:50,977 DEBUG ['fc2', True]
2018-01-21 21:54:50,977 DEBUG ['predictions', True]
2018-01-21 21:56:58,070 DEBUG ['input_1', True]
2018-01-21 21:56:58,071 DEBUG ['block1_conv1', True]
2018-01-21 21:56:58,071 DEBUG ['block1_conv2', True]
2018-01-21 21:56:58,071 DEBUG ['block1_pool', True]
2018-01-21 21:56:58,071 DEBUG ['block2_conv1', True]
2018-01-21 21:56:58,071 DEBUG ['block2_conv2', True]
2018-01-21 21:56:58,071 DEBUG ['block2_pool', True]
2018-01-21 21:56:58,072 DEBUG ['block3_conv1', True]
2018-01-21 21:56:58,072 DEBUG ['block3_conv2', True]
2018-01-21 21:56:58,072 DEBUG ['block3_conv3', True]
2018-01-21 21:56:58,072 DEBUG ['block3_pool', True]
2018-01-21 21:56:58,072 DEBUG ['block4_conv1', True]
2018-01-21 21:56:58,072 DEBUG ['block4_conv2', True]
2018-01-21 21:56:58,072 DEBUG ['block4_conv3', True]
2018-01-21 21:56:58,072 DEBUG ['pool', True]
2018-01-21 21:56:58,073 DEBUG ['flatten_1', True]
2018-01-21 21:56:58,073 DEBUG ['fc1', True]
2018-01-21 21:56:58,073 DEBUG ['fc2', True]
2018-01-21 21:56:58,073 DEBUG ['predictions', True]
2018-01-21 21:59:57,527 INFO [Training] Done in 303.097284079 secs.

2018-01-21 22:00:01,883 INFO [Evaluation] Done in 4.35602688789 secs.

2018-01-21 22:00:08,965 INFO Evaluator 
Acc (model)
Accuracy: 0.747395833333 
Precision: 0.780669144981 
Recall: 0.792150157645 
Fscore: 0.784371103335

2018-01-21 22:00:08,972 INFO Confusion matrix:

2018-01-21 22:00:08,973 INFO [[77 27  3  3  1  1  4  2]
 [14 96  0  4  0  2  0  0]
 [ 5  0 76  0  2  4  2 12]
 [ 1 12  0 58  0  2  2  1]
 [ 0  1  0  1 80  0  2 10]
 [ 9  3 10  3  1 80  2  6]
 [ 0  0  0  1  9  0 67  3]
 [ 1  0  0  0  7  1  3 96]]
2018-01-21 22:00:08,974 INFO Final accuracy: 0.780669144981

2018-01-21 22:00:08,975 INFO Done in 11.4472489357 secs.

2018-01-21 22:00:08,975 INFO Everything done in 323.940017223 secs.

2018-01-21 22:00:08,975 INFO End
