2018-01-23 15:51:40,569 INFO Creating object

2018-01-24 09:21:32,290 INFO Creating object
2018-01-24 09:23:47,054 INFO Creating object
2018-01-24 09:24:10,154 INFO Creating object
2018-01-24 09:24:31,206 INFO Creating object
2018-01-24 09:25:56,435 INFO Creating object
2018-01-24 09:27:13,457 INFO Creating object
2018-01-24 09:33:25,975 INFO Creating object
2018-01-24 09:33:45,049 INFO Building MLP model...
2018-01-24 09:33:45,141 INFO None
2018-01-24 09:35:29,915 INFO Creating object
2018-01-24 09:35:48,196 INFO Compiling MLP model...
2018-01-24 09:35:48,320 INFO Summary: None
2018-01-24 09:44:39,898 INFO Creating object
2018-01-24 09:44:57,286 INFO Compiling MLP model...
2018-01-24 09:44:57,375 INFO Summary: None
2018-01-24 09:47:12,743 INFO Creating object
2018-01-24 09:47:28,449 INFO Compiling MLP model...
2018-01-24 09:47:28,533 INFO Summary: None
2018-01-24 09:47:28,612 INFO Done in 0.163410186768 secs.
2018-01-24 14:56:02,510 INFO Creating object
2018-01-24 14:56:19,628 INFO Compiling MLP model...
2018-01-24 14:56:19,687 INFO Summary: None
2018-01-24 14:56:19,770 INFO Done in 0.142037153244 secs.
