2018-01-22 00:39:50,174 INFO Start
2018-01-22 00:43:16,722 INFO Start
2018-01-22 00:43:28,603 INFO Start
2018-01-22 00:43:28,604 INFO Bounds in action [[   32.  4096.  1024.]]
2018-01-22 00:43:30,313 DEBUG Trainability of the layers:
2018-01-22 00:44:23,431 INFO Start
2018-01-22 00:44:23,432 INFO Bounds in action [[   16.  4096.  1024.]]
2018-01-22 00:44:25,117 DEBUG Trainability of the layers:
2018-01-22 00:44:51,678 INFO Start
2018-01-22 00:44:51,679 INFO Bounds in action [[   16.  1024.   512.]]
2018-01-22 00:44:53,370 DEBUG Trainability of the layers:
2018-01-22 00:45:01,026 INFO Start
2018-01-22 00:45:01,027 INFO Bounds in action [[   64.  1024.  1024.]]
2018-01-22 00:45:02,725 DEBUG Trainability of the layers:
2018-01-22 00:45:23,352 INFO Start
2018-01-22 00:45:23,353 INFO Bounds in action [[   32.  1024.   256.]]
2018-01-22 00:45:25,083 DEBUG Trainability of the layers:
2018-01-22 00:45:29,145 INFO Start
2018-01-22 00:45:29,145 INFO Bounds in action [[   64.  1024.   128.]]
2018-01-22 00:45:30,900 DEBUG Trainability of the layers:
2018-01-22 00:45:45,816 INFO Start
2018-01-22 00:45:54,371 INFO Start
2018-01-22 00:45:54,372 INFO Bounds in action [[   32.  1024.  1024.]]
2018-01-22 00:45:56,120 DEBUG Trainability of the layers:
2018-01-22 00:46:33,022 INFO Start
2018-01-22 00:46:33,023 INFO Bounds in action [[   64.  1024.   128.]]
2018-01-22 00:46:34,721 DEBUG Trainability of the layers:
2018-01-22 00:46:34,905 DEBUG ['input_1', False]
2018-01-22 00:46:34,905 DEBUG ['block1_conv1', False]
2018-01-22 00:46:34,905 DEBUG ['block1_conv2', False]
2018-01-22 00:46:34,906 DEBUG ['block1_pool', False]
2018-01-22 00:46:34,906 DEBUG ['block2_conv1', False]
2018-01-22 00:46:34,906 DEBUG ['block2_conv2', False]
2018-01-22 00:46:34,906 DEBUG ['block2_pool', False]
2018-01-22 00:46:34,906 DEBUG ['block3_conv1', False]
2018-01-22 00:46:34,906 DEBUG ['block3_conv2', False]
2018-01-22 00:46:34,906 DEBUG ['block3_conv3', False]
2018-01-22 00:46:34,906 DEBUG ['block3_pool', False]
2018-01-22 00:46:34,906 DEBUG ['block4_conv1', False]
2018-01-22 00:46:34,906 DEBUG ['block4_conv2', False]
2018-01-22 00:46:34,906 DEBUG ['block4_conv3', False]
2018-01-22 00:46:34,906 DEBUG ['pool', True]
2018-01-22 00:46:34,906 DEBUG ['flatten_1', True]
2018-01-22 00:46:34,906 DEBUG ['fc1', True]
2018-01-22 00:46:34,906 DEBUG ['fc2', True]
2018-01-22 00:46:34,906 DEBUG ['predictions', True]
2018-01-22 00:47:01,923 INFO Start
2018-01-22 00:47:01,924 INFO Bounds in action [[   32.  2048.  1024.]]
2018-01-22 00:47:03,656 DEBUG Trainability of the layers:
2018-01-22 00:47:15,931 INFO Start
2018-01-22 00:47:42,089 INFO Start
2018-01-22 00:47:42,090 INFO Bounds in action [[   64.  2048.   512.]]
2018-01-22 00:47:43,837 DEBUG Trainability of the layers:
2018-01-22 00:47:54,594 INFO Start
2018-01-22 00:47:54,595 INFO Bounds in action [[  64.  512.  512.]]
2018-01-22 00:47:56,359 DEBUG Trainability of the layers:
2018-01-22 00:47:56,535 DEBUG ['input_1', False]
2018-01-22 00:47:56,536 DEBUG ['block1_conv1', False]
2018-01-22 00:47:56,536 DEBUG ['block1_conv2', False]
2018-01-22 00:47:56,536 DEBUG ['block1_pool', False]
2018-01-22 00:47:56,536 DEBUG ['block2_conv1', False]
2018-01-22 00:47:56,536 DEBUG ['block2_conv2', False]
2018-01-22 00:47:56,536 DEBUG ['block2_pool', False]
2018-01-22 00:47:56,536 DEBUG ['block3_conv1', False]
2018-01-22 00:47:56,536 DEBUG ['block3_conv2', False]
2018-01-22 00:47:56,536 DEBUG ['block3_conv3', False]
2018-01-22 00:47:56,536 DEBUG ['block3_pool', False]
2018-01-22 00:47:56,536 DEBUG ['block4_conv1', False]
2018-01-22 00:47:56,536 DEBUG ['block4_conv2', False]
2018-01-22 00:47:56,536 DEBUG ['block4_conv3', False]
2018-01-22 00:47:56,536 DEBUG ['pool', True]
2018-01-22 00:47:56,536 DEBUG ['flatten_1', True]
2018-01-22 00:47:56,536 DEBUG ['fc1', True]
2018-01-22 00:47:56,536 DEBUG ['fc2', True]
2018-01-22 00:47:56,536 DEBUG ['predictions', True]
